#
# A fatal error has been detected by the Java Runtime Environment:
#
#  SIGSEGV (0xb) at pc=0x00007f63510696ba, pid=4820, tid=140063863994112
#
# JRE version: Java(TM) SE Runtime Environment (8.0_45-b14) (build 1.8.0_45-b14)
# Java VM: Java HotSpot(TM) 64-Bit Server VM (25.45-b02 mixed mode linux-amd64 compressed oops)
# Problematic frame:
# v  ~BufferBlob::jni_fast_GetLongField
#
# Failed to write core dump. Core dumps have been disabled. To enable core dumping, try "ulimit -c unlimited" before starting Java again
#
# If you would like to submit a bug report, please visit:
#   http://bugreport.java.com/bugreport/crash.jsp
# The crash happened outside the Java Virtual Machine in native code.
# See problematic frame for where to report the bug.
#

---------------  T H R E A D  ---------------

Current thread (0x00007f6360267800):  JavaThread "AWT-XAWT" daemon [_thread_in_native, id=4846, stack(0x00007f6328cbf000,0x00007f6328dc0000)]

siginfo: si_signo: 11 (SIGSEGV), si_code: 1 (SEGV_MAPERR), si_addr: 0x0000000000000000

Registers:
RAX=0x00007f6366087ce0, RBX=0x00007f63602679f8, RCX=0x00007f6366ae3320, RDX=0x0000000000000042
RSP=0x00007f6328dbe458, RBP=0x00007f6328dbe480, RSI=0x0000000000000000, RDI=0x00007f63602679f8
R8 =0x00007f632e21e000, R9 =0x0000000000000000, R10=0x0000000000000006, R11=0x00007f6365acfe30
R12=0x00007f62ec006f30, R13=0x0000000000000000, R14=0x00007f632ab8f7e0, R15=0x00007f6360267800
RIP=0x00007f63510696ba, EFLAGS=0x0000000000010246, CSGSFS=0x0000000000000033, ERR=0x0000000000000004
  TRAPNO=0x000000000000000e

Top of Stack: (sp=0x00007f6328dbe458)
0x00007f6328dbe458:   00007f632a96e201 00007f632df53910
0x00007f6328dbe468:   00007f62ec006f30 00007f632df53910
0x00007f6328dbe478:   00007f6328dbe568 0000000000000000
0x00007f6328dbe488:   00007f632a430ae8 00007f632df53910
0x00007f6328dbe498:   00007f6328dbe4c0 0000000000000000
0x00007f6328dbe4a8:   00007f632a4289a3 00007f632df53910
0x00007f6328dbe4b8:   00007f632a9674bf 00007f6328dbe530
0x00007f6328dbe4c8:   00007f6351015994 00007f6328dbe5b0
0x00007f6328dbe4d8:   00007f63511a794c 00007f6328dbe5b0
0x00007f6328dbe4e8:   00007f63511a3d24 00007f6328dbe4f0
0x00007f6328dbe4f8:   0000000000000000 00007f6328dbe568
0x00007f6328dbe508:   00007f632df57fa0 0000000000000000
0x00007f6328dbe518:   00007f632df53910 0000000000000000
0x00007f6328dbe528:   00007f6328dbe550 00007f6328dbe5b0
0x00007f6328dbe538:   00007f6351007420 00000000ed8db830
0x00007f6328dbe548:   00007f635100f560 0000000000000000
0x00007f6328dbe558:   00007f6328dbe5b0 00007f62f4000e30
0x00007f6328dbe568:   00000000edae6e28 00007f6328dbe570
0x00007f6328dbe578:   00007f632e10c784 00007f6328dbe5f8
0x00007f6328dbe588:   00007f632e115c28 0000000000000000
0x00007f6328dbe598:   00007f632e10c8b8 00007f6328dbe550
0x00007f6328dbe5a8:   00007f6328dbe5f0 00007f6328dbe640
0x00007f6328dbe5b8:   00007f6351007c4d 0000000000000000
0x00007f6328dbe5c8:   00000000edacd6a0 0000000000000000
0x00007f6328dbe5d8:   0000000000000000 0000000000000000
0x00007f6328dbe5e8:   00000000edae6e28 0000000000000000
0x00007f6328dbe5f8:   00000000edab3508 00007f6328dbe600
0x00007f6328dbe608:   00007f632e10c5c5 00007f6328dbe650
0x00007f6328dbe618:   00007f632e115c28 0000000000000000
0x00007f6328dbe628:   00007f632e10c5d0 00007f6328dbe5f0
0x00007f6328dbe638:   00007f6328dbe650 00007f6328dbe698
0x00007f6328dbe648:   00007f6351007c92 00000000edab3508 

Instructions: (pc=0x00007f63510696ba)
0x00007f635106969a:   00 00 00 00 00 00 44 8b 15 01 76 05 15 4c 8b ce
0x00007f63510696aa:   41 f6 c2 01 0f 85 2e 00 00 00 4d 33 ca 4d 33 ca
0x00007f63510696ba:   4d 8b 09 4c 8b da 49 c1 eb 02 4b 8b 04 19 49 bb
0x00007f63510696ca:   a8 0c 0c 66 63 7f 00 00 4c 33 d8 4c 33 d8 45 3b 

Register to memory mapping:

RAX=0x00007f6366087ce0: <offset 0xf64ce0> in /usr/lib/jvm/java-8-oracle/jre/lib/amd64/server/libjvm.so at 0x00007f6365123000
RBX=0x00007f63602679f8 is an unknown value
RCX=0x00007f6366ae3320: <offset 0x219320> in /lib/x86_64-linux-gnu/libpthread.so.0 at 0x00007f63668ca000
RDX=0x0000000000000042 is an unknown value
RSP=0x00007f6328dbe458 is pointing into the stack for thread: 0x00007f6360267800
RBP=0x00007f6328dbe480 is pointing into the stack for thread: 0x00007f6360267800
RSI=0x0000000000000000 is an unknown value
RDI=0x00007f63602679f8 is an unknown value
R8 =0x00007f632e21e000 is pointing into metadata
R9 =0x0000000000000000 is an unknown value
R10=0x0000000000000006 is an unknown value
R11=0x00007f6365acfe30: <offset 0x9ace30> in /usr/lib/jvm/java-8-oracle/jre/lib/amd64/server/libjvm.so at 0x00007f6365123000
R12=0x00007f62ec006f30 is an unknown value
R13=0x0000000000000000 is an unknown value
R14=0x00007f632ab8f7e0: <offset 0x2587e0> in /usr/lib/jvm/java-8-oracle/jre/lib/amd64/libawt_xawt.so at 0x00007f632a937000
R15=0x00007f6360267800 is a thread


Stack: [0x00007f6328cbf000,0x00007f6328dc0000],  sp=0x00007f6328dbe458,  free space=1021k
Native frames: (J=compiled Java code, j=interpreted, Vv=VM code, C=native code)
v  ~BufferBlob::jni_fast_GetLongField
C  [libX11.so.6+0x61ae8]  _XimServerDestroy+0x58

Java frames: (J=compiled Java code, j=interpreted, Vv=VM code)
j  sun.awt.X11.XlibWrapper.XFilterEvent(JJ)Z+0
j  sun.awt.X11.XToolkit.run(Z)V+300
j  sun.awt.X11.XToolkit.run()V+5
j  java.lang.Thread.run()V+11
v  ~StubRoutines::call_stub

---------------  P R O C E S S  ---------------

Java Threads: ( => current thread )
  0x00007f6360008800 JavaThread "DestroyJavaVM" [_thread_blocked, id=4826, stack(0x00007f6366be2000,0x00007f6366ce3000)]
  0x00007f62f4008000 JavaThread "AWT-EventQueue-0" [_thread_blocked, id=4848, stack(0x00007f6328abd000,0x00007f6328bbe000)]
  0x00007f636027c000 JavaThread "AWT-Shutdown" [_thread_blocked, id=4847, stack(0x00007f6328bbe000,0x00007f6328cbf000)]
=>0x00007f6360267800 JavaThread "AWT-XAWT" daemon [_thread_in_native, id=4846, stack(0x00007f6328cbf000,0x00007f6328dc0000)]
  0x00007f6360241800 JavaThread "Java2D Disposer" daemon [_thread_blocked, id=4845, stack(0x00007f63291d0000,0x00007f63292d1000)]
  0x00007f63600d0800 JavaThread "Service Thread" daemon [_thread_blocked, id=4843, stack(0x00007f632af63000,0x00007f632b064000)]
  0x00007f63600c3800 JavaThread "C1 CompilerThread3" daemon [_thread_blocked, id=4842, stack(0x00007f632b064000,0x00007f632b165000)]
  0x00007f63600c1800 JavaThread "C2 CompilerThread2" daemon [_thread_blocked, id=4841, stack(0x00007f632b165000,0x00007f632b266000)]
  0x00007f63600bf800 JavaThread "C2 CompilerThread1" daemon [_thread_blocked, id=4840, stack(0x00007f632b266000,0x00007f632b367000)]
  0x00007f63600bc800 JavaThread "C2 CompilerThread0" daemon [_thread_blocked, id=4839, stack(0x00007f632b367000,0x00007f632b468000)]
  0x00007f63600bb000 JavaThread "Signal Dispatcher" daemon [_thread_blocked, id=4838, stack(0x00007f632b468000,0x00007f632b569000)]
  0x00007f6360085800 JavaThread "Finalizer" daemon [_thread_blocked, id=4837, stack(0x00007f632bdbf000,0x00007f632bec0000)]
  0x00007f6360083800 JavaThread "Reference Handler" daemon [_thread_blocked, id=4836, stack(0x00007f632bec0000,0x00007f632bfc1000)]

Other Threads:
  0x00007f636007e800 VMThread [stack: 0x00007f632bfc1000,0x00007f632c0c2000] [id=4835]
  0x00007f63600d3000 WatcherThread [stack: 0x00007f632ae62000,0x00007f632af63000] [id=4844]

VM state:not at safepoint (normal execution)

VM Mutex/Monitor currently owned by a thread: None

Heap:
 PSYoungGen      total 16896K, used 4177K [0x00000000ed800000, 0x00000000eea80000, 0x0000000100000000)
  eden space 14848K, 28% used [0x00000000ed800000,0x00000000edc145d0,0x00000000ee680000)
  from space 2048K, 0% used [0x00000000ee880000,0x00000000ee880000,0x00000000eea80000)
  to   space 2048K, 0% used [0x00000000ee680000,0x00000000ee680000,0x00000000ee880000)
 ParOldGen       total 38400K, used 0K [0x00000000c8800000, 0x00000000cad80000, 0x00000000ed800000)
  object space 38400K, 0% used [0x00000000c8800000,0x00000000c8800000,0x00000000cad80000)
 Metaspace       used 7365K, capacity 7522K, committed 7552K, reserved 1056768K
  class space    used 815K, capacity 888K, committed 896K, reserved 1048576K

Card table byte_map: [0x00007f63641f6000,0x00007f63643b3000] byte_map_base: 0x00007f6363bb2000

Marking Bits: (ParMarkBitMap*) 0x00007f63660c0760
 Begin Bits: [0x00007f632e440000, 0x00007f632f220000)
 End Bits:   [0x00007f632f220000, 0x00007f6330000000)

Polling page: 0x00007f6366d07000

CodeCache: size=245760Kb used=1733Kb max_used=1733Kb free=244026Kb
 bounds [0x00007f6351000000, 0x00007f6351270000, 0x00007f6360000000]
 total_blobs=752 nmethods=305 adapters=361
 compilation: enabled

Compilation events (10 events):
Event: 196,331 Thread 0x00007f63600c3800  301       3       sun.awt.X11.XEvent::get_xany (22 bytes)
Event: 196,332 Thread 0x00007f63600c3800 nmethod 301 0x00007f63511afbd0 code [0x00007f63511afd80, 0x00007f63511b0358]
Event: 196,332 Thread 0x00007f63600c3800  302       3       sun.awt.X11.XAnyEvent::<init> (30 bytes)
Event: 196,332 Thread 0x00007f63600c3800 nmethod 302 0x00007f63511b0610 code [0x00007f63511b07a0, 0x00007f63511b0b48]
Event: 290,438 Thread 0x00007f63600c3800  303       3       java.nio.charset.CoderResult::isUnderflow (13 bytes)
Event: 290,438 Thread 0x00007f63600c3800 nmethod 303 0x00007f63511b0d10 code [0x00007f63511b0e80, 0x00007f63511b1030]
Event: 290,438 Thread 0x00007f63600c3800  304       3       java.nio.ByteBuffer::array (35 bytes)
Event: 290,439 Thread 0x00007f63600c3800 nmethod 304 0x00007f63511b1090 code [0x00007f63511b1220, 0x00007f63511b14d8]
Event: 290,439 Thread 0x00007f63600c3800  305       1       sun.nio.cs.StreamEncoder::isOpen (5 bytes)
Event: 290,439 Thread 0x00007f63600c3800 nmethod 305 0x00007f63511b1610 code [0x00007f63511b1760, 0x00007f63511b1870]

GC Heap History (0 events):
No events

Deoptimization events (0 events):
No events

Internal exceptions (10 events):
Event: 0,104 Thread 0x00007f6360008800 Exception <a 'java/io/FileNotFoundException'> (0x00000000ed8c75e0) thrown at [/RE-WORK/workspace/8-2-build-linux-amd64/jdk8u45/3457/hotspot/src/share/vm/prims/jni.cpp, line 709]
Event: 0,104 Thread 0x00007f6360008800 Exception <a 'java/io/FileNotFoundException'> (0x00000000ed8c8080) thrown at [/RE-WORK/workspace/8-2-build-linux-amd64/jdk8u45/3457/hotspot/src/share/vm/prims/jni.cpp, line 709]
Event: 0,175 Thread 0x00007f6360008800 Exception <a 'java/lang/NoSuchFieldError': method resolution failed> (0x00000000eda2ae30) thrown at [/RE-WORK/workspace/8-2-build-linux-amd64/jdk8u45/3457/hotspot/src/share/vm/prims/methodHandles.cpp, line 1125]
Event: 0,176 Thread 0x00007f6360008800 Exception <a 'java/lang/NoSuchFieldError': method resolution failed> (0x00000000eda39870) thrown at [/RE-WORK/workspace/8-2-build-linux-amd64/jdk8u45/3457/hotspot/src/share/vm/prims/methodHandles.cpp, line 1125]
Event: 0,257 Thread 0x00007f62f4008000 Exception <a 'java/lang/Error'> (0x00000000edb84990) thrown at [/RE-WORK/workspace/8-2-build-linux-amd64/jdk8u45/3457/hotspot/src/share/vm/prims/jvm.cpp, line 1386]
Event: 0,257 Thread 0x00007f62f4008000 Exception <a 'java/lang/Error'> (0x00000000edb84990) thrown at [/RE-WORK/workspace/8-2-build-linux-amd64/jdk8u45/3457/hotspot/src/share/vm/prims/jvm.cpp, line 1386]
Event: 66,541 Thread 0x00007f62f4008000 Exception <a 'java/lang/Error'> (0x00000000edb916f8) thrown at [/RE-WORK/workspace/8-2-build-linux-amd64/jdk8u45/3457/hotspot/src/share/vm/prims/jvm.cpp, line 1386]
Event: 66,541 Thread 0x00007f62f4008000 Exception <a 'java/lang/Error'> (0x00000000edb916f8) thrown at [/RE-WORK/workspace/8-2-build-linux-amd64/jdk8u45/3457/hotspot/src/share/vm/prims/jvm.cpp, line 1386]
Event: 290,429 Thread 0x00007f62f4008000 Exception <a 'java/lang/Error'> (0x00000000edb9b578) thrown at [/RE-WORK/workspace/8-2-build-linux-amd64/jdk8u45/3457/hotspot/src/share/vm/prims/jvm.cpp, line 1386]
Event: 290,429 Thread 0x00007f62f4008000 Exception <a 'java/lang/Error'> (0x00000000edb9b578) thrown at [/RE-WORK/workspace/8-2-build-linux-amd64/jdk8u45/3457/hotspot/src/share/vm/prims/jvm.cpp, line 1386]

Events (10 events):
Event: 66,538 loading class sun/awt/X11/XMotionEvent
Event: 66,538 loading class sun/awt/X11/XMotionEvent done
Event: 66,539 loading class java/awt/event/MouseWheelEvent
Event: 66,539 loading class java/awt/event/MouseWheelEvent done
Event: 66,539 loading class java/awt/AWTEvent$2
Event: 66,539 loading class java/awt/AWTEvent$2 done
Event: 66,539 loading class sun/reflect/UnsafeBooleanFieldAccessorImpl
Event: 66,540 loading class sun/reflect/UnsafeBooleanFieldAccessorImpl done
Event: 66,540 loading class java/awt/event/ContainerEvent
Event: 66,540 loading class java/awt/event/ContainerEvent done


Dynamic libraries:
00400000-00401000 r-xp 00000000 08:01 1062400                            /usr/lib/jvm/java-8-oracle/bin/java
00600000-00601000 rw-p 00000000 08:01 1062400                            /usr/lib/jvm/java-8-oracle/bin/java
016a0000-016c1000 rw-p 00000000 00:00 0                                  [heap]
c8800000-cad80000 rw-p 00000000 00:00 0 
cad80000-ed800000 ---p 00000000 00:00 0 
ed800000-eea80000 rw-p 00000000 00:00 0 
eea80000-100000000 ---p 00000000 00:00 0 
100000000-1000e0000 rw-p 00000000 00:00 0 
1000e0000-140000000 ---p 00000000 00:00 0 
7f62ec000000-7f62ec021000 rw-p 00000000 00:00 0 
7f62ec021000-7f62f0000000 ---p 00000000 00:00 0 
7f62f4000000-7f62f402f000 rw-p 00000000 00:00 0 
7f62f402f000-7f62f8000000 ---p 00000000 00:00 0 
7f62f8000000-7f62f8021000 rw-p 00000000 00:00 0 
7f62f8021000-7f62fc000000 ---p 00000000 00:00 0 
7f62fc000000-7f62fc021000 rw-p 00000000 00:00 0 
7f62fc021000-7f6300000000 ---p 00000000 00:00 0 
7f6300000000-7f6300021000 rw-p 00000000 00:00 0 
7f6300021000-7f6304000000 ---p 00000000 00:00 0 
7f6304000000-7f63041c6000 rw-p 00000000 00:00 0 
7f63041c6000-7f6308000000 ---p 00000000 00:00 0 
7f6308000000-7f6308021000 rw-p 00000000 00:00 0 
7f6308021000-7f630c000000 ---p 00000000 00:00 0 
7f630c000000-7f630c021000 rw-p 00000000 00:00 0 
7f630c021000-7f6310000000 ---p 00000000 00:00 0 
7f6310000000-7f6310021000 rw-p 00000000 00:00 0 
7f6310021000-7f6314000000 ---p 00000000 00:00 0 
7f6314000000-7f6314021000 rw-p 00000000 00:00 0 
7f6314021000-7f6318000000 ---p 00000000 00:00 0 
7f6318000000-7f63180f9000 rw-p 00000000 00:00 0 
7f63180f9000-7f631c000000 ---p 00000000 00:00 0 
7f631c000000-7f631c021000 rw-p 00000000 00:00 0 
7f631c021000-7f6320000000 ---p 00000000 00:00 0 
7f6320000000-7f6320021000 rw-p 00000000 00:00 0 
7f6320021000-7f6324000000 ---p 00000000 00:00 0 
7f6324000000-7f6324021000 rw-p 00000000 00:00 0 
7f6324021000-7f6328000000 ---p 00000000 00:00 0 
7f6328abd000-7f6328ac0000 ---p 00000000 00:00 0 
7f6328ac0000-7f6328bbe000 rw-p 00000000 00:00 0                          [stack:4848]
7f6328bbe000-7f6328bc1000 ---p 00000000 00:00 0 
7f6328bc1000-7f6328cbf000 rw-p 00000000 00:00 0                          [stack:4847]
7f6328cbf000-7f6328cc2000 ---p 00000000 00:00 0 
7f6328cc2000-7f6328dc0000 rw-p 00000000 00:00 0                          [stack:4846]
7f6328dc0000-7f6328dc5000 r-xp 00000000 08:01 922783                     /usr/lib/x86_64-linux-gnu/libXfixes.so.3.1.0
7f6328dc5000-7f6328fc4000 ---p 00005000 08:01 922783                     /usr/lib/x86_64-linux-gnu/libXfixes.so.3.1.0
7f6328fc4000-7f6328fc5000 r--p 00004000 08:01 922783                     /usr/lib/x86_64-linux-gnu/libXfixes.so.3.1.0
7f6328fc5000-7f6328fc6000 rw-p 00005000 08:01 922783                     /usr/lib/x86_64-linux-gnu/libXfixes.so.3.1.0
7f6328fc6000-7f6328fcf000 r-xp 00000000 08:01 927723                     /usr/lib/x86_64-linux-gnu/libXcursor.so.1.0.2
7f6328fcf000-7f63291ce000 ---p 00009000 08:01 927723                     /usr/lib/x86_64-linux-gnu/libXcursor.so.1.0.2
7f63291ce000-7f63291cf000 r--p 00008000 08:01 927723                     /usr/lib/x86_64-linux-gnu/libXcursor.so.1.0.2
7f63291cf000-7f63291d0000 rw-p 00009000 08:01 927723                     /usr/lib/x86_64-linux-gnu/libXcursor.so.1.0.2
7f63291d0000-7f63291d3000 ---p 00000000 00:00 0 
7f63291d3000-7f63292d1000 rw-p 00000000 00:00 0                          [stack:4845]
7f63292d1000-7f63292e7000 r-xp 00000000 08:01 1446022                    /lib/x86_64-linux-gnu/libgcc_s.so.1
7f63292e7000-7f63294e6000 ---p 00016000 08:01 1446022                    /lib/x86_64-linux-gnu/libgcc_s.so.1
7f63294e6000-7f63294e7000 rw-p 00015000 08:01 1446022                    /lib/x86_64-linux-gnu/libgcc_s.so.1
7f63294e7000-7f632954c000 r-xp 00000000 08:01 935745                     /usr/lib/jvm/java-8-oracle/jre/lib/amd64/libfontmanager.so
7f632954c000-7f632974b000 ---p 00065000 08:01 935745                     /usr/lib/jvm/java-8-oracle/jre/lib/amd64/libfontmanager.so
7f632974b000-7f6329750000 rw-p 00064000 08:01 935745                     /usr/lib/jvm/java-8-oracle/jre/lib/amd64/libfontmanager.so
7f6329750000-7f6329760000 rw-p 00000000 00:00 0 
7f6329760000-7f6329786000 r--p 00000000 08:01 1356427                    /usr/share/locale-langpack/de/LC_MESSAGES/libc.mo
7f6329786000-7f632978b000 r-xp 00000000 08:01 927727                     /usr/lib/x86_64-linux-gnu/libXdmcp.so.6.0.0
7f632978b000-7f632998a000 ---p 00005000 08:01 927727                     /usr/lib/x86_64-linux-gnu/libXdmcp.so.6.0.0
7f632998a000-7f632998b000 r--p 00004000 08:01 927727                     /usr/lib/x86_64-linux-gnu/libXdmcp.so.6.0.0
7f632998b000-7f632998c000 rw-p 00005000 08:01 927727                     /usr/lib/x86_64-linux-gnu/libXdmcp.so.6.0.0
7f632998c000-7f632998e000 r-xp 00000000 08:01 927716                     /usr/lib/x86_64-linux-gnu/libXau.so.6.0.0
7f632998e000-7f6329b8e000 ---p 00002000 08:01 927716                     /usr/lib/x86_64-linux-gnu/libXau.so.6.0.0
7f6329b8e000-7f6329b8f000 r--p 00002000 08:01 927716                     /usr/lib/x86_64-linux-gnu/libXau.so.6.0.0
7f6329b8f000-7f6329b90000 rw-p 00003000 08:01 927716                     /usr/lib/x86_64-linux-gnu/libXau.so.6.0.0
7f6329b90000-7f6329bad000 r-xp 00000000 08:01 928786                     /usr/lib/x86_64-linux-gnu/libxcb.so.1.1.0
7f6329bad000-7f6329dad000 ---p 0001d000 08:01 928786                     /usr/lib/x86_64-linux-gnu/libxcb.so.1.1.0
7f6329dad000-7f6329dae000 r--p 0001d000 08:01 928786                     /usr/lib/x86_64-linux-gnu/libxcb.so.1.1.0
7f6329dae000-7f6329daf000 rw-p 0001e000 08:01 928786                     /usr/lib/x86_64-linux-gnu/libxcb.so.1.1.0
7f6329daf000-7f6329dbe000 r-xp 00000000 08:01 922793                     /usr/lib/x86_64-linux-gnu/libXi.so.6.1.0
7f6329dbe000-7f6329fbd000 ---p 0000f000 08:01 922793                     /usr/lib/x86_64-linux-gnu/libXi.so.6.1.0
7f6329fbd000-7f6329fbe000 r--p 0000e000 08:01 922793                     /usr/lib/x86_64-linux-gnu/libXi.so.6.1.0
7f6329fbe000-7f6329fbf000 rw-p 0000f000 08:01 922793                     /usr/lib/x86_64-linux-gnu/libXi.so.6.1.0
7f6329fbf000-7f6329fc4000 r-xp 00000000 08:01 927757                     /usr/lib/x86_64-linux-gnu/libXtst.so.6.1.0
7f6329fc4000-7f632a1c3000 ---p 00005000 08:01 927757                     /usr/lib/x86_64-linux-gnu/libXtst.so.6.1.0
7f632a1c3000-7f632a1c4000 r--p 00004000 08:01 927757                     /usr/lib/x86_64-linux-gnu/libXtst.so.6.1.0
7f632a1c4000-7f632a1c5000 rw-p 00005000 08:01 927757                     /usr/lib/x86_64-linux-gnu/libXtst.so.6.1.0
7f632a1c5000-7f632a1ce000 r-xp 00000000 08:01 918169                     /usr/lib/x86_64-linux-gnu/libXrender.so.1.3.0
7f632a1ce000-7f632a3cd000 ---p 00009000 08:01 918169                     /usr/lib/x86_64-linux-gnu/libXrender.so.1.3.0
7f632a3cd000-7f632a3ce000 r--p 00008000 08:01 918169                     /usr/lib/x86_64-linux-gnu/libXrender.so.1.3.0
7f632a3ce000-7f632a3cf000 rw-p 00009000 08:01 918169                     /usr/lib/x86_64-linux-gnu/libXrender.so.1.3.0
7f632a3cf000-7f632a4ff000 r-xp 00000000 08:01 927712                     /usr/lib/x86_64-linux-gnu/libX11.so.6.3.0
7f632a4ff000-7f632a6ff000 ---p 00130000 08:01 927712                     /usr/lib/x86_64-linux-gnu/libX11.so.6.3.0
7f632a6ff000-7f632a700000 r--p 00130000 08:01 927712                     /usr/lib/x86_64-linux-gnu/libX11.so.6.3.0
7f632a700000-7f632a704000 rw-p 00131000 08:01 927712                     /usr/lib/x86_64-linux-gnu/libX11.so.6.3.0
7f632a704000-7f632a715000 r-xp 00000000 08:01 924662                     /usr/lib/x86_64-linux-gnu/libXext.so.6.4.0
7f632a715000-7f632a914000 ---p 00011000 08:01 924662                     /usr/lib/x86_64-linux-gnu/libXext.so.6.4.0
7f632a914000-7f632a915000 r--p 00010000 08:01 924662                     /usr/lib/x86_64-linux-gnu/libXext.so.6.4.0
7f632a915000-7f632a916000 rw-p 00011000 08:01 924662                     /usr/lib/x86_64-linux-gnu/libXext.so.6.4.0
7f632a937000-7f632a98b000 r-xp 00000000 08:01 935718                     /usr/lib/jvm/java-8-oracle/jre/lib/amd64/libawt_xawt.so
7f632a98b000-7f632ab8b000 ---p 00054000 08:01 935718                     /usr/lib/jvm/java-8-oracle/jre/lib/amd64/libawt_xawt.so
7f632ab8b000-7f632ab8f000 rw-p 00054000 08:01 935718                     /usr/lib/jvm/java-8-oracle/jre/lib/amd64/libawt_xawt.so
7f632ab8f000-7f632ab90000 rw-p 00000000 00:00 0 
7f632ab90000-7f632ac32000 r-xp 00000000 08:01 935740                     /usr/lib/jvm/java-8-oracle/jre/lib/amd64/libawt.so
7f632ac32000-7f632ae32000 ---p 000a2000 08:01 935740                     /usr/lib/jvm/java-8-oracle/jre/lib/amd64/libawt.so
7f632ae32000-7f632ae3e000 rw-p 000a2000 08:01 935740                     /usr/lib/jvm/java-8-oracle/jre/lib/amd64/libawt.so
7f632ae3e000-7f632ae62000 rw-p 00000000 00:00 0 
7f632ae62000-7f632ae63000 ---p 00000000 00:00 0 
7f632ae63000-7f632af63000 rw-p 00000000 00:00 0                          [stack:4844]
7f632af63000-7f632af66000 ---p 00000000 00:00 0 
7f632af66000-7f632b064000 rw-p 00000000 00:00 0                          [stack:4843]
7f632b064000-7f632b067000 ---p 00000000 00:00 0 
7f632b067000-7f632b165000 rw-p 00000000 00:00 0                          [stack:4842]
7f632b165000-7f632b168000 ---p 00000000 00:00 0 
7f632b168000-7f632b266000 rw-p 00000000 00:00 0                          [stack:4841]
7f632b266000-7f632b269000 ---p 00000000 00:00 0 
7f632b269000-7f632b367000 rw-p 00000000 00:00 0                          [stack:4840]
7f632b367000-7f632b36a000 ---p 00000000 00:00 0 
7f632b36a000-7f632b468000 rw-p 00000000 00:00 0                          [stack:4839]
7f632b468000-7f632b46b000 ---p 00000000 00:00 0 
7f632b46b000-7f632b569000 rw-p 00000000 00:00 0                          [stack:4838]
7f632b569000-7f632bdbf000 r--p 00000000 08:01 925715                     /usr/lib/locale/locale-archive
7f632bdbf000-7f632bdc2000 ---p 00000000 00:00 0 
7f632bdc2000-7f632bec0000 rw-p 00000000 00:00 0                          [stack:4837]
7f632bec0000-7f632bec3000 ---p 00000000 00:00 0 
7f632bec3000-7f632bfc1000 rw-p 00000000 00:00 0                          [stack:4836]
7f632bfc1000-7f632bfc2000 ---p 00000000 00:00 0 
7f632bfc2000-7f632e2c0000 rw-p 00000000 00:00 0                          [stack:4835]
7f632e2c0000-7f632e440000 ---p 00000000 00:00 0 
7f632e440000-7f6330000000 rw-p 00000000 00:00 0 
7f6330000000-7f6330021000 rw-p 00000000 00:00 0 
7f6330021000-7f6334000000 ---p 00000000 00:00 0 
7f6334000000-7f6334021000 rw-p 00000000 00:00 0 
7f6334021000-7f6338000000 ---p 00000000 00:00 0 
7f6338000000-7f6338021000 rw-p 00000000 00:00 0 
7f6338021000-7f633c000000 ---p 00000000 00:00 0 
7f633c000000-7f633c021000 rw-p 00000000 00:00 0 
7f633c021000-7f6340000000 ---p 00000000 00:00 0 
7f6340000000-7f6340021000 rw-p 00000000 00:00 0 
7f6340021000-7f6344000000 ---p 00000000 00:00 0 
7f6344000000-7f6344021000 rw-p 00000000 00:00 0 
7f6344021000-7f6348000000 ---p 00000000 00:00 0 
7f6348000000-7f6348021000 rw-p 00000000 00:00 0 
7f6348021000-7f634c000000 ---p 00000000 00:00 0 
7f634c000000-7f634c021000 rw-p 00000000 00:00 0 
7f634c021000-7f6350000000 ---p 00000000 00:00 0 
7f635001f000-7f63500a3000 rw-p 00000000 00:00 0 
7f63500a3000-7f635027c000 r--s 03d09000 08:01 935876                     /usr/lib/jvm/java-8-oracle/jre/lib/rt.jar
7f635027c000-7f6350438000 rw-p 00000000 00:00 0 
7f6350438000-7f6350439000 ---p 00000000 00:00 0 
7f6350439000-7f6350539000 rw-p 00000000 00:00 0                          [stack:4834]
7f6350539000-7f635053a000 ---p 00000000 00:00 0 
7f635053a000-7f635063a000 rw-p 00000000 00:00 0                          [stack:4833]
7f635063a000-7f635063b000 ---p 00000000 00:00 0 
7f635063b000-7f635073b000 rw-p 00000000 00:00 0                          [stack:4832]
7f635073b000-7f635073c000 ---p 00000000 00:00 0 
7f635073c000-7f635083c000 rw-p 00000000 00:00 0                          [stack:4831]
7f635083c000-7f635083d000 ---p 00000000 00:00 0 
7f635083d000-7f635093d000 rw-p 00000000 00:00 0                          [stack:4830]
7f635093d000-7f635093e000 ---p 00000000 00:00 0 
7f635093e000-7f6350a3e000 rw-p 00000000 00:00 0                          [stack:4829]
7f6350a3e000-7f6350a3f000 ---p 00000000 00:00 0 
7f6350a3f000-7f6350b3f000 rw-p 00000000 00:00 0                          [stack:4828]
7f6350b3f000-7f6350b40000 ---p 00000000 00:00 0 
7f6350b40000-7f6350c4a000 rw-p 00000000 00:00 0                          [stack:4827]
7f6350c4a000-7f6351000000 ---p 00000000 00:00 0 
7f6351000000-7f6351270000 rwxp 00000000 00:00 0 
7f6351270000-7f6360000000 ---p 00000000 00:00 0 
7f6360000000-7f6360289000 rw-p 00000000 00:00 0 
7f6360289000-7f6364000000 ---p 00000000 00:00 0 
7f636400f000-7f6364016000 r--s 00000000 08:01 1202173                    /usr/lib/x86_64-linux-gnu/gconv/gconv-modules.cache
7f6364016000-7f63640e1000 rw-p 00000000 00:00 0 
7f63640e1000-7f63641f6000 ---p 00000000 00:00 0 
7f63641f6000-7f6364209000 rw-p 00000000 00:00 0 
7f6364209000-7f636431e000 ---p 00000000 00:00 0 
7f636431e000-7f6364328000 rw-p 00000000 00:00 0 
7f6364328000-7f63643b2000 ---p 00000000 00:00 0 
7f63643b2000-7f63643b3000 rw-p 00000000 00:00 0 
7f63643b3000-7f63643cd000 r-xp 00000000 08:01 935731                     /usr/lib/jvm/java-8-oracle/jre/lib/amd64/libzip.so
7f63643cd000-7f63645cd000 ---p 0001a000 08:01 935731                     /usr/lib/jvm/java-8-oracle/jre/lib/amd64/libzip.so
7f63645cd000-7f63645ce000 rw-p 0001a000 08:01 935731                     /usr/lib/jvm/java-8-oracle/jre/lib/amd64/libzip.so
7f63645ce000-7f63645d9000 r-xp 00000000 08:01 1458684                    /lib/x86_64-linux-gnu/libnss_files-2.19.so
7f63645d9000-7f63647d8000 ---p 0000b000 08:01 1458684                    /lib/x86_64-linux-gnu/libnss_files-2.19.so
7f63647d8000-7f63647d9000 r--p 0000a000 08:01 1458684                    /lib/x86_64-linux-gnu/libnss_files-2.19.so
7f63647d9000-7f63647da000 rw-p 0000b000 08:01 1458684                    /lib/x86_64-linux-gnu/libnss_files-2.19.so
7f63647da000-7f6364804000 r-xp 00000000 08:01 935721                     /usr/lib/jvm/java-8-oracle/jre/lib/amd64/libjava.so
7f6364804000-7f6364a04000 ---p 0002a000 08:01 935721                     /usr/lib/jvm/java-8-oracle/jre/lib/amd64/libjava.so
7f6364a04000-7f6364a06000 rw-p 0002a000 08:01 935721                     /usr/lib/jvm/java-8-oracle/jre/lib/amd64/libjava.so
7f6364a06000-7f6364a13000 r-xp 00000000 08:01 935770                     /usr/lib/jvm/java-8-oracle/jre/lib/amd64/libverify.so
7f6364a13000-7f6364c13000 ---p 0000d000 08:01 935770                     /usr/lib/jvm/java-8-oracle/jre/lib/amd64/libverify.so
7f6364c13000-7f6364c15000 rw-p 0000d000 08:01 935770                     /usr/lib/jvm/java-8-oracle/jre/lib/amd64/libverify.so
7f6364c15000-7f6364c1c000 r-xp 00000000 08:01 1486825                    /lib/x86_64-linux-gnu/librt-2.19.so
7f6364c1c000-7f6364e1b000 ---p 00007000 08:01 1486825                    /lib/x86_64-linux-gnu/librt-2.19.so
7f6364e1b000-7f6364e1c000 r--p 00006000 08:01 1486825                    /lib/x86_64-linux-gnu/librt-2.19.so
7f6364e1c000-7f6364e1d000 rw-p 00007000 08:01 1486825                    /lib/x86_64-linux-gnu/librt-2.19.so
7f6364e1d000-7f6364f22000 r-xp 00000000 08:01 1458635                    /lib/x86_64-linux-gnu/libm-2.19.so
7f6364f22000-7f6365121000 ---p 00105000 08:01 1458635                    /lib/x86_64-linux-gnu/libm-2.19.so
7f6365121000-7f6365122000 r--p 00104000 08:01 1458635                    /lib/x86_64-linux-gnu/libm-2.19.so
7f6365122000-7f6365123000 rw-p 00105000 08:01 1458635                    /lib/x86_64-linux-gnu/libm-2.19.so
7f6365123000-7f6365dd1000 r-xp 00000000 08:01 935733                     /usr/lib/jvm/java-8-oracle/jre/lib/amd64/server/libjvm.so
7f6365dd1000-7f6365fd0000 ---p 00cae000 08:01 935733                     /usr/lib/jvm/java-8-oracle/jre/lib/amd64/server/libjvm.so
7f6365fd0000-7f63660a7000 rw-p 00cad000 08:01 935733                     /usr/lib/jvm/java-8-oracle/jre/lib/amd64/server/libjvm.so
7f63660a7000-7f63660eb000 rw-p 00000000 00:00 0 
7f63660eb000-7f63662a6000 r-xp 00000000 08:01 1486822                    /lib/x86_64-linux-gnu/libc-2.19.so
7f63662a6000-7f63664a5000 ---p 001bb000 08:01 1486822                    /lib/x86_64-linux-gnu/libc-2.19.so
7f63664a5000-7f63664a9000 r--p 001ba000 08:01 1486822                    /lib/x86_64-linux-gnu/libc-2.19.so
7f63664a9000-7f63664ab000 rw-p 001be000 08:01 1486822                    /lib/x86_64-linux-gnu/libc-2.19.so
7f63664ab000-7f63664b0000 rw-p 00000000 00:00 0 
7f63664b0000-7f63664b3000 r-xp 00000000 08:01 1458887                    /lib/x86_64-linux-gnu/libdl-2.19.so
7f63664b3000-7f63666b2000 ---p 00003000 08:01 1458887                    /lib/x86_64-linux-gnu/libdl-2.19.so
7f63666b2000-7f63666b3000 r--p 00002000 08:01 1458887                    /lib/x86_64-linux-gnu/libdl-2.19.so
7f63666b3000-7f63666b4000 rw-p 00003000 08:01 1458887                    /lib/x86_64-linux-gnu/libdl-2.19.so
7f63666b4000-7f63666c9000 r-xp 00000000 08:01 918693                     /usr/lib/jvm/java-8-oracle/lib/amd64/jli/libjli.so
7f63666c9000-7f63668c9000 ---p 00015000 08:01 918693                     /usr/lib/jvm/java-8-oracle/lib/amd64/jli/libjli.so
7f63668c9000-7f63668ca000 rw-p 00015000 08:01 918693                     /usr/lib/jvm/java-8-oracle/lib/amd64/jli/libjli.so
7f63668ca000-7f63668e3000 r-xp 00000000 08:01 1486823                    /lib/x86_64-linux-gnu/libpthread-2.19.so
7f63668e3000-7f6366ae2000 ---p 00019000 08:01 1486823                    /lib/x86_64-linux-gnu/libpthread-2.19.so
7f6366ae2000-7f6366ae3000 r--p 00018000 08:01 1486823                    /lib/x86_64-linux-gnu/libpthread-2.19.so
7f6366ae3000-7f6366ae4000 rw-p 00019000 08:01 1486823                    /lib/x86_64-linux-gnu/libpthread-2.19.so
7f6366ae4000-7f6366ae8000 rw-p 00000000 00:00 0 
7f6366ae8000-7f6366b0b000 r-xp 00000000 08:01 1486798                    /lib/x86_64-linux-gnu/ld-2.19.so
7f6366b10000-7f6366be2000 rw-p 00000000 00:00 0 
7f6366be2000-7f6366be5000 ---p 00000000 00:00 0 
7f6366be5000-7f6366ce7000 rw-p 00000000 00:00 0                          [stack:4826]
7f6366cec000-7f6366cfe000 rw-p 00000000 00:00 0 
7f6366cfe000-7f6366d06000 rw-s 00000000 08:01 1315161                    /tmp/hsperfdata_benedict/4820
7f6366d06000-7f6366d07000 rw-p 00000000 00:00 0 
7f6366d07000-7f6366d08000 r--p 00000000 00:00 0 
7f6366d08000-7f6366d0a000 rw-p 00000000 00:00 0 
7f6366d0a000-7f6366d0b000 r--p 00022000 08:01 1486798                    /lib/x86_64-linux-gnu/ld-2.19.so
7f6366d0b000-7f6366d0c000 rw-p 00023000 08:01 1486798                    /lib/x86_64-linux-gnu/ld-2.19.so
7f6366d0c000-7f6366d0d000 rw-p 00000000 00:00 0 
7fff756d3000-7fff756f4000 rw-p 00000000 00:00 0                          [stack]
7fff757fe000-7fff75800000 r-xp 00000000 00:00 0                          [vdso]
ffffffffff600000-ffffffffff601000 r-xp 00000000 00:00 0                  [vsyscall]

VM Arguments:
jvm_args: -Dfile.encoding=UTF-8 
java_command: Hauptfenster
java_class_path (initial): /home/benedict/dhworkspace/Verteilte_Systeme/bin
Launcher Type: SUN_STANDARD

Environment Variables:
PATH=/usr/local/sbin:/usr/local/bin:/usr/sbin:/usr/bin:/sbin:/bin:/usr/games:/usr/local/games
SHELL=/bin/bash
DISPLAY=:0.0

Signal Handlers:
SIGSEGV: [libjvm.so+0xaad1e0], sa_mask[0]=11111111011111111101111111111110, sa_flags=SA_RESTART|SA_SIGINFO
SIGBUS: [libjvm.so+0xaad1e0], sa_mask[0]=11111111011111111101111111111110, sa_flags=SA_RESTART|SA_SIGINFO
SIGFPE: [libjvm.so+0x90b450], sa_mask[0]=11111111011111111101111111111110, sa_flags=SA_RESTART|SA_SIGINFO
SIGPIPE: [libjvm.so+0x90b450], sa_mask[0]=11111111011111111101111111111110, sa_flags=SA_RESTART|SA_SIGINFO
SIGXFSZ: [libjvm.so+0x90b450], sa_mask[0]=11111111011111111101111111111110, sa_flags=SA_RESTART|SA_SIGINFO
SIGILL: [libjvm.so+0x90b450], sa_mask[0]=11111111011111111101111111111110, sa_flags=SA_RESTART|SA_SIGINFO
SIGUSR1: SIG_DFL, sa_mask[0]=00000000000000000000000000000000, sa_flags=none
SIGUSR2: [libjvm.so+0x90ca90], sa_mask[0]=00100000000000000000000000000000, sa_flags=SA_RESTART|SA_SIGINFO
SIGHUP: [libjvm.so+0x90dde0], sa_mask[0]=11111111011111111101111111111110, sa_flags=SA_RESTART|SA_SIGINFO
SIGINT: [libjvm.so+0x90dde0], sa_mask[0]=11111111011111111101111111111110, sa_flags=SA_RESTART|SA_SIGINFO
SIGTERM: [libjvm.so+0x90dde0], sa_mask[0]=11111111011111111101111111111110, sa_flags=SA_RESTART|SA_SIGINFO
SIGQUIT: [libjvm.so+0x90dde0], sa_mask[0]=11111111011111111101111111111110, sa_flags=SA_RESTART|SA_SIGINFO


---------------  S Y S T E M  ---------------

OS:DISTRIB_ID=Ubuntu
DISTRIB_RELEASE=14.04
DISTRIB_CODENAME=trusty
DISTRIB_DESCRIPTION="Ubuntu 14.04.2 LTS"

uname:Linux 3.13.0-43-generic #72-Ubuntu SMP Mon Dec 8 19:35:06 UTC 2014 x86_64
libc:glibc 2.19 NPTL 2.19 
rlimit: STACK 8192k, CORE 0k, NPROC 28239, NOFILE 4096, AS infinity
load average:0,19 0,23 0,25

/proc/meminfo:
MemTotal:        3636292 kB
MemFree:          756364 kB
Buffers:          201032 kB
Cached:          1047308 kB
SwapCached:            0 kB
Active:          1903520 kB
Inactive:         698800 kB
Active(anon):    1354908 kB
Inactive(anon):    11820 kB
Active(file):     548612 kB
Inactive(file):   686980 kB
Unevictable:           0 kB
Mlocked:               0 kB
SwapTotal:      15637500 kB
SwapFree:       15637500 kB
Dirty:               432 kB
Writeback:             0 kB
AnonPages:       1339512 kB
Mapped:           163884 kB
Shmem:             12908 kB
Slab:             167616 kB
SReclaimable:     132132 kB
SUnreclaim:        35484 kB
KernelStack:        4888 kB
PageTables:        19472 kB
NFS_Unstable:          0 kB
Bounce:                0 kB
WritebackTmp:          0 kB
CommitLimit:    17455644 kB
Committed_AS:    3709724 kB
VmallocTotal:   34359738367 kB
VmallocUsed:      389008 kB
VmallocChunk:   34359342076 kB
HardwareCorrupted:     0 kB
AnonHugePages:    839680 kB
HugePages_Total:       0
HugePages_Free:        0
HugePages_Rsvd:        0
HugePages_Surp:        0
Hugepagesize:       2048 kB
DirectMap4k:      164160 kB
DirectMap2M:     3614720 kB


CPU:total 8 (4 cores per cpu, 2 threads per core) family 6 model 58 stepping 9, cmov, cx8, fxsr, mmx, sse, sse2, sse3, ssse3, sse4.1, sse4.2, popcnt, avx, aes, clmul, erms, ht, tsc, tscinvbit, tscinv

/proc/cpuinfo:
processor	: 0
vendor_id	: GenuineIntel
cpu family	: 6
model		: 58
model name	: Intel(R) Core(TM) i7-3612QM CPU @ 2.10GHz
stepping	: 9
microcode	: 0x12
cpu MHz		: 2101.000
cache size	: 6144 KB
physical id	: 0
siblings	: 8
core id		: 0
cpu cores	: 4
apicid		: 0
initial apicid	: 0
fpu		: yes
fpu_exception	: yes
cpuid level	: 13
wp		: yes
flags		: fpu vme de pse tsc msr pae mce cx8 apic sep mtrr pge mca cmov pat pse36 clflush dts acpi mmx fxsr sse sse2 ss ht tm pbe syscall nx rdtscp lm constant_tsc arch_perfmon pebs bts rep_good nopl xtopology nonstop_tsc aperfmperf eagerfpu pni pclmulqdq dtes64 monitor ds_cpl vmx est tm2 ssse3 cx16 xtpr pdcm pcid sse4_1 sse4_2 x2apic popcnt tsc_deadline_timer aes xsave avx f16c rdrand lahf_lm ida arat epb xsaveopt pln pts dtherm tpr_shadow vnmi flexpriority ept vpid fsgsbase smep erms
bogomips	: 4190.34
clflush size	: 64
cache_alignment	: 64
address sizes	: 36 bits physical, 48 bits virtual
power management:

processor	: 1
vendor_id	: GenuineIntel
cpu family	: 6
model		: 58
model name	: Intel(R) Core(TM) i7-3612QM CPU @ 2.10GHz
stepping	: 9
microcode	: 0x12
cpu MHz		: 2101.000
cache size	: 6144 KB
physical id	: 0
siblings	: 8
core id		: 0
cpu cores	: 4
apicid		: 1
initial apicid	: 1
fpu		: yes
fpu_exception	: yes
cpuid level	: 13
wp		: yes
flags		: fpu vme de pse tsc msr pae mce cx8 apic sep mtrr pge mca cmov pat pse36 clflush dts acpi mmx fxsr sse sse2 ss ht tm pbe syscall nx rdtscp lm constant_tsc arch_perfmon pebs bts rep_good nopl xtopology nonstop_tsc aperfmperf eagerfpu pni pclmulqdq dtes64 monitor ds_cpl vmx est tm2 ssse3 cx16 xtpr pdcm pcid sse4_1 sse4_2 x2apic popcnt tsc_deadline_timer aes xsave avx f16c rdrand lahf_lm ida arat epb xsaveopt pln pts dtherm tpr_shadow vnmi flexpriority ept vpid fsgsbase smep erms
bogomips	: 4190.34
clflush size	: 64
cache_alignment	: 64
address sizes	: 36 bits physical, 48 bits virtual
power management:

processor	: 2
vendor_id	: GenuineIntel
cpu family	: 6
model		: 58
model name	: Intel(R) Core(TM) i7-3612QM CPU @ 2.10GHz
stepping	: 9
microcode	: 0x12
cpu MHz		: 2101.000
cache size	: 6144 KB
physical id	: 0
siblings	: 8
core id		: 1
cpu cores	: 4
apicid		: 2
initial apicid	: 2
fpu		: yes
fpu_exception	: yes
cpuid level	: 13
wp		: yes
flags		: fpu vme de pse tsc msr pae mce cx8 apic sep mtrr pge mca cmov pat pse36 clflush dts acpi mmx fxsr sse sse2 ss ht tm pbe syscall nx rdtscp lm constant_tsc arch_perfmon pebs bts rep_good nopl xtopology nonstop_tsc aperfmperf eagerfpu pni pclmulqdq dtes64 monitor ds_cpl vmx est tm2 ssse3 cx16 xtpr pdcm pcid sse4_1 sse4_2 x2apic popcnt tsc_deadline_timer aes xsave avx f16c rdrand lahf_lm ida arat epb xsaveopt pln pts dtherm tpr_shadow vnmi flexpriority ept vpid fsgsbase smep erms
bogomips	: 4190.34
clflush size	: 64
cache_alignment	: 64
address sizes	: 36 bits physical, 48 bits virtual
power management:

processor	: 3
vendor_id	: GenuineIntel
cpu family	: 6
model		: 58
model name	: Intel(R) Core(TM) i7-3612QM CPU @ 2.10GHz
stepping	: 9
microcode	: 0x12
cpu MHz		: 2101.000
cache size	: 6144 KB
physical id	: 0
siblings	: 8
core id		: 1
cpu cores	: 4
apicid		: 3
initial apicid	: 3
fpu		: yes
fpu_exception	: yes
cpuid level	: 13
wp		: yes
flags		: fpu vme de pse tsc msr pae mce cx8 apic sep mtrr pge mca cmov pat pse36 clflush dts acpi mmx fxsr sse sse2 ss ht tm pbe syscall nx rdtscp lm constant_tsc arch_perfmon pebs bts rep_good nopl xtopology nonstop_tsc aperfmperf eagerfpu pni pclmulqdq dtes64 monitor ds_cpl vmx est tm2 ssse3 cx16 xtpr pdcm pcid sse4_1 sse4_2 x2apic popcnt tsc_deadline_timer aes xsave avx f16c rdrand lahf_lm ida arat epb xsaveopt pln pts dtherm tpr_shadow vnmi flexpriority ept vpid fsgsbase smep erms
bogomips	: 4190.34
clflush size	: 64
cache_alignment	: 64
address sizes	: 36 bits physical, 48 bits virtual
power management:

processor	: 4
vendor_id	: GenuineIntel
cpu family	: 6
model		: 58
model name	: Intel(R) Core(TM) i7-3612QM CPU @ 2.10GHz
stepping	: 9
microcode	: 0x12
cpu MHz		: 2101.000
cache size	: 6144 KB
physical id	: 0
siblings	: 8
core id		: 2
cpu cores	: 4
apicid		: 4
initial apicid	: 4
fpu		: yes
fpu_exception	: yes
cpuid level	: 13
wp		: yes
flags		: fpu vme de pse tsc msr pae mce cx8 apic sep mtrr pge mca cmov pat pse36 clflush dts acpi mmx fxsr sse sse2 ss ht tm pbe syscall nx rdtscp lm constant_tsc arch_perfmon pebs bts rep_good nopl xtopology nonstop_tsc aperfmperf eagerfpu pni pclmulqdq dtes64 monitor ds_cpl vmx est tm2 ssse3 cx16 xtpr pdcm pcid sse4_1 sse4_2 x2apic popcnt tsc_deadline_timer aes xsave avx f16c rdrand lahf_lm ida arat epb xsaveopt pln pts dtherm tpr_shadow vnmi flexpriority ept vpid fsgsbase smep erms
bogomips	: 4190.34
clflush size	: 64
cache_alignment	: 64
address sizes	: 36 bits physical, 48 bits virtual
power management:

processor	: 5
vendor_id	: GenuineIntel
cpu family	: 6
model		: 58
model name	: Intel(R) Core(TM) i7-3612QM CPU @ 2.10GHz
stepping	: 9
microcode	: 0x12
cpu MHz		: 2101.000
cache size	: 6144 KB
physical id	: 0
siblings	: 8
core id		: 2
cpu cores	: 4
apicid		: 5
initial apicid	: 5
fpu		: yes
fpu_exception	: yes
cpuid level	: 13
wp		: yes
flags		: fpu vme de pse tsc msr pae mce cx8 apic sep mtrr pge mca cmov pat pse36 clflush dts acpi mmx fxsr sse sse2 ss ht tm pbe syscall nx rdtscp lm constant_tsc arch_perfmon pebs bts rep_good nopl xtopology nonstop_tsc aperfmperf eagerfpu pni pclmulqdq dtes64 monitor ds_cpl vmx est tm2 ssse3 cx16 xtpr pdcm pcid sse4_1 sse4_2 x2apic popcnt tsc_deadline_timer aes xsave avx f16c rdrand lahf_lm ida arat epb xsaveopt pln pts dtherm tpr_shadow vnmi flexpriority ept vpid fsgsbase smep erms
bogomips	: 4190.34
clflush size	: 64
cache_alignment	: 64
address sizes	: 36 bits physical, 48 bits virtual
power management:

processor	: 6
vendor_id	: GenuineIntel
cpu family	: 6
model		: 58
model name	: Intel(R) Core(TM) i7-3612QM CPU @ 2.10GHz
stepping	: 9
microcode	: 0x12
cpu MHz		: 2101.000
cache size	: 6144 KB
physical id	: 0
siblings	: 8
core id		: 3
cpu cores	: 4
apicid		: 6
initial apicid	: 6
fpu		: yes
fpu_exception	: yes
cpuid level	: 13
wp		: yes
flags		: fpu vme de pse tsc msr pae mce cx8 apic sep mtrr pge mca cmov pat pse36 clflush dts acpi mmx fxsr sse sse2 ss ht tm pbe syscall nx rdtscp lm constant_tsc arch_perfmon pebs bts rep_good nopl xtopology nonstop_tsc aperfmperf eagerfpu pni pclmulqdq dtes64 monitor ds_cpl vmx est tm2 ssse3 cx16 xtpr pdcm pcid sse4_1 sse4_2 x2apic popcnt tsc_deadline_timer aes xsave avx f16c rdrand lahf_lm ida arat epb xsaveopt pln pts dtherm tpr_shadow vnmi flexpriority ept vpid fsgsbase smep erms
bogomips	: 4190.34
clflush size	: 64
cache_alignment	: 64
address sizes	: 36 bits physical, 48 bits virtual
power management:

processor	: 7
vendor_id	: GenuineIntel
cpu family	: 6
model		: 58
model name	: Intel(R) Core(TM) i7-3612QM CPU @ 2.10GHz
stepping	: 9
microcode	: 0x12
cpu MHz		: 2101.000
cache size	: 6144 KB
physical id	: 0
siblings	: 8
core id		: 3
cpu cores	: 4
apicid		: 7
initial apicid	: 7
fpu		: yes
fpu_exception	: yes
cpuid level	: 13
wp		: yes
flags		: fpu vme de pse tsc msr pae mce cx8 apic sep mtrr pge mca cmov pat pse36 clflush dts acpi mmx fxsr sse sse2 ss ht tm pbe syscall nx rdtscp lm constant_tsc arch_perfmon pebs bts rep_good nopl xtopology nonstop_tsc aperfmperf eagerfpu pni pclmulqdq dtes64 monitor ds_cpl vmx est tm2 ssse3 cx16 xtpr pdcm pcid sse4_1 sse4_2 x2apic popcnt tsc_deadline_timer aes xsave avx f16c rdrand lahf_lm ida arat epb xsaveopt pln pts dtherm tpr_shadow vnmi flexpriority ept vpid fsgsbase smep erms
bogomips	: 4190.34
clflush size	: 64
cache_alignment	: 64
address sizes	: 36 bits physical, 48 bits virtual
power management:



Memory: 4k page, physical 3636292k(829600k free), swap 15637500k(15637500k free)

vm_info: Java HotSpot(TM) 64-Bit Server VM (25.45-b02) for linux-amd64 JRE (1.8.0_45-b14), built on Apr 10 2015 10:07:45 by "java_re" with gcc 4.3.0 20080428 (Red Hat 4.3.0-8)

time: Fri Jun  5 11:58:52 2015
elapsed time: 290 seconds (0d 0h 4m 50s)

