#
# A fatal error has been detected by the Java Runtime Environment:
#
#  SIGSEGV (0xb) at pc=0x00007fa0550696ba, pid=5072, tid=140326086817536
#
# JRE version: Java(TM) SE Runtime Environment (8.0_45-b14) (build 1.8.0_45-b14)
# Java VM: Java HotSpot(TM) 64-Bit Server VM (25.45-b02 mixed mode linux-amd64 compressed oops)
# Problematic frame:
# v  ~BufferBlob::jni_fast_GetLongField
#
# Failed to write core dump. Core dumps have been disabled. To enable core dumping, try "ulimit -c unlimited" before starting Java again
#
# If you would like to submit a bug report, please visit:
#   http://bugreport.java.com/bugreport/crash.jsp
# The crash happened outside the Java Virtual Machine in native code.
# See problematic frame for where to report the bug.
#

---------------  T H R E A D  ---------------

Current thread (0x00007fa064262000):  JavaThread "AWT-XAWT" daemon [_thread_in_native, id=5098, stack(0x00007fa0367eb000,0x00007fa0368ec000)]

siginfo: si_signo: 11 (SIGSEGV), si_code: 1 (SEGV_MAPERR), si_addr: 0x0000000000000000

Registers:
RAX=0x00007fa06bcabce0, RBX=0x00007fa0642621f8, RCX=0x00007fa06c707320, RDX=0x0000000000000042
RSP=0x00007fa0368ea658, RBP=0x00007fa0368ea680, RSI=0x0000000000000000, RDI=0x00007fa0642621f8
R8 =0x00000000000001f4, R9 =0x0000000000000000, R10=0x000000000000000a, R11=0x00007fa06b6f3e30
R12=0x00007f9ff4007110, R13=0x0000000000000000, R14=0x00007fa0447057e0, R15=0x00007fa064262000
RIP=0x00007fa0550696ba, EFLAGS=0x0000000000010246, CSGSFS=0x0000000000000033, ERR=0x0000000000000004
  TRAPNO=0x000000000000000e

Top of Stack: (sp=0x00007fa0368ea658)
0x00007fa0368ea658:   00007fa0444e4201 00007fa068a80f10
0x00007fa0368ea668:   00007f9ff4007110 00007fa068a80f10
0x00007fa0368ea678:   00007fa0368ea768 0000000000000000
0x00007fa0368ea688:   00007fa037d2cae8 00007fa068a80f10
0x00007fa0368ea698:   00007fa0368ea6c0 0000000000000000
0x00007fa0368ea6a8:   00007fa037d249a3 00007fa068a80f10
0x00007fa0368ea6b8:   00007fa0444dd4bf 00007fa0368ea730
0x00007fa0368ea6c8:   00007fa055015994 00007fa0368ea7b0
0x00007fa0368ea6d8:   00007fa0551cfccc 00007fa0368ea7b0
0x00007fa0368ea6e8:   00007fa0551f41a4 00007fa0368ea6f0
0x00007fa0368ea6f8:   0000000000000000 00007fa0368ea768
0x00007fa0368ea708:   00007fa068a855a0 0000000000000000
0x00007fa0368ea718:   00007fa068a80f10 0000000000000000
0x00007fa0368ea728:   00007fa0368ea750 00007fa0368ea7b0
0x00007fa0368ea738:   00007fa055007420 00000000ed8dcae0
0x00007fa0368ea748:   00007fa05500f560 0000000000000000
0x00007fa0368ea758:   00007fa0368ea7b0 00007f9ffc000e30
0x00007fa0368ea768:   00000000edae6a80 00007fa0368ea770
0x00007fa0368ea778:   00007fa068c3a784 00007fa0368ea7f8
0x00007fa0368ea788:   00007fa068c43c28 0000000000000000
0x00007fa0368ea798:   00007fa068c3a8b8 00007fa0368ea750
0x00007fa0368ea7a8:   00007fa0368ea7f0 00007fa0368ea840
0x00007fa0368ea7b8:   00007fa055007c4d 0000000000000000
0x00007fa0368ea7c8:   00000000edace918 0000000000000000
0x00007fa0368ea7d8:   0000000000000000 0000000000000000
0x00007fa0368ea7e8:   00000000edae6a80 0000000000000000
0x00007fa0368ea7f8:   00000000edab4780 00007fa0368ea800
0x00007fa0368ea808:   00007fa068c3a5c5 00007fa0368ea850
0x00007fa0368ea818:   00007fa068c43c28 0000000000000000
0x00007fa0368ea828:   00007fa068c3a5d0 00007fa0368ea7f0
0x00007fa0368ea838:   00007fa0368ea850 00007fa0368ea898
0x00007fa0368ea848:   00007fa055007c92 00000000edab4780 

Instructions: (pc=0x00007fa0550696ba)
0x00007fa05506969a:   00 00 00 00 00 00 44 8b 15 01 b6 c7 16 4c 8b ce
0x00007fa0550696aa:   41 f6 c2 01 0f 85 2e 00 00 00 4d 33 ca 4d 33 ca
0x00007fa0550696ba:   4d 8b 09 4c 8b da 49 c1 eb 02 4b 8b 04 19 49 bb
0x00007fa0550696ca:   a8 4c ce 6b a0 7f 00 00 4c 33 d8 4c 33 d8 45 3b 

Register to memory mapping:

RAX=0x00007fa06bcabce0: <offset 0xf64ce0> in /usr/lib/jvm/java-8-oracle/jre/lib/amd64/server/libjvm.so at 0x00007fa06ad47000
RBX=0x00007fa0642621f8 is an unknown value
RCX=0x00007fa06c707320: <offset 0x219320> in /lib/x86_64-linux-gnu/libpthread.so.0 at 0x00007fa06c4ee000
RDX=0x0000000000000042 is an unknown value
RSP=0x00007fa0368ea658 is pointing into the stack for thread: 0x00007fa064262000
RBP=0x00007fa0368ea680 is pointing into the stack for thread: 0x00007fa064262000
RSI=0x0000000000000000 is an unknown value
RDI=0x00007fa0642621f8 is an unknown value
R8 =0x00000000000001f4 is an unknown value
R9 =0x0000000000000000 is an unknown value
R10=0x000000000000000a is an unknown value
R11=0x00007fa06b6f3e30: <offset 0x9ace30> in /usr/lib/jvm/java-8-oracle/jre/lib/amd64/server/libjvm.so at 0x00007fa06ad47000
R12=0x00007f9ff4007110 is an unknown value
R13=0x0000000000000000 is an unknown value
R14=0x00007fa0447057e0: <offset 0x2587e0> in /usr/lib/jvm/java-8-oracle/jre/lib/amd64/libawt_xawt.so at 0x00007fa0444ad000
R15=0x00007fa064262000 is a thread


Stack: [0x00007fa0367eb000,0x00007fa0368ec000],  sp=0x00007fa0368ea658,  free space=1021k
Native frames: (J=compiled Java code, j=interpreted, Vv=VM code, C=native code)
v  ~BufferBlob::jni_fast_GetLongField
C  [libX11.so.6+0x61ae8]  _XimServerDestroy+0x58

Java frames: (J=compiled Java code, j=interpreted, Vv=VM code)
j  sun.awt.X11.XlibWrapper.XFilterEvent(JJ)Z+0
j  sun.awt.X11.XToolkit.run(Z)V+300
j  sun.awt.X11.XToolkit.run()V+5
j  java.lang.Thread.run()V+11
v  ~StubRoutines::call_stub

---------------  P R O C E S S  ---------------

Java Threads: ( => current thread )
  0x00007f9ffc008800 JavaThread "AWT-EventQueue-0" [_thread_blocked, id=5100, stack(0x00007fa0365e9000,0x00007fa0366ea000)]
  0x00007fa064008800 JavaThread "DestroyJavaVM" [_thread_blocked, id=5078, stack(0x00007fa06c806000,0x00007fa06c907000)]
  0x00007fa064276800 JavaThread "AWT-Shutdown" [_thread_blocked, id=5099, stack(0x00007fa0366ea000,0x00007fa0367eb000)]
=>0x00007fa064262000 JavaThread "AWT-XAWT" daemon [_thread_in_native, id=5098, stack(0x00007fa0367eb000,0x00007fa0368ec000)]
  0x00007fa06423c000 JavaThread "Java2D Disposer" daemon [_thread_blocked, id=5097, stack(0x00007fa036cfc000,0x00007fa036dfd000)]
  0x00007fa0640d3000 JavaThread "Service Thread" daemon [_thread_blocked, id=5095, stack(0x00007fa044ad9000,0x00007fa044bda000)]
  0x00007fa0640c6000 JavaThread "C1 CompilerThread3" daemon [_thread_blocked, id=5094, stack(0x00007fa044bda000,0x00007fa044cdb000)]
  0x00007fa0640c3800 JavaThread "C2 CompilerThread2" daemon [_thread_blocked, id=5093, stack(0x00007fa044cdb000,0x00007fa044ddc000)]
  0x00007fa0640c2000 JavaThread "C2 CompilerThread1" daemon [_thread_blocked, id=5092, stack(0x00007fa044ddc000,0x00007fa044edd000)]
  0x00007fa0640bf000 JavaThread "C2 CompilerThread0" daemon [_thread_blocked, id=5091, stack(0x00007fa044edd000,0x00007fa044fde000)]
  0x00007fa0640bd800 JavaThread "Signal Dispatcher" daemon [_thread_blocked, id=5090, stack(0x00007fa044fde000,0x00007fa0450df000)]
  0x00007fa064085800 JavaThread "Finalizer" daemon [_thread_blocked, id=5089, stack(0x00007fa045935000,0x00007fa045a36000)]
  0x00007fa064083800 JavaThread "Reference Handler" daemon [_thread_blocked, id=5088, stack(0x00007fa045a36000,0x00007fa045b37000)]

Other Threads:
  0x00007fa06407e800 VMThread [stack: 0x00007fa045b37000,0x00007fa045c38000] [id=5087]
  0x00007fa0640d5800 WatcherThread [stack: 0x00007fa0449d8000,0x00007fa044ad9000] [id=5096]

VM state:not at safepoint (normal execution)

VM Mutex/Monitor currently owned by a thread: None

Heap:
 PSYoungGen      total 16896K, used 5693K [0x00000000ed800000, 0x00000000eea80000, 0x0000000100000000)
  eden space 14848K, 38% used [0x00000000ed800000,0x00000000edd8f630,0x00000000ee680000)
  from space 2048K, 0% used [0x00000000ee880000,0x00000000ee880000,0x00000000eea80000)
  to   space 2048K, 0% used [0x00000000ee680000,0x00000000ee680000,0x00000000ee880000)
 ParOldGen       total 38400K, used 0K [0x00000000c8800000, 0x00000000cad80000, 0x00000000ed800000)
  object space 38400K, 0% used [0x00000000c8800000,0x00000000c8800000,0x00000000cad80000)
 Metaspace       used 8311K, capacity 8454K, committed 8704K, reserved 1056768K
  class space    used 900K, capacity 984K, committed 1024K, reserved 1048576K

Card table byte_map: [0x00007fa069a5a000,0x00007fa069c17000] byte_map_base: 0x00007fa069416000

Marking Bits: (ParMarkBitMap*) 0x00007fa06bce4760
 Begin Bits: [0x00007fa046440000, 0x00007fa047220000)
 End Bits:   [0x00007fa047220000, 0x00007fa048000000)

Polling page: 0x00007fa06c92b000

CodeCache: size=245760Kb used=2301Kb max_used=2314Kb free=243458Kb
 bounds [0x00007fa055000000, 0x00007fa055270000, 0x00007fa064000000]
 total_blobs=1025 nmethods=549 adapters=390
 compilation: enabled

Compilation events (10 events):
Event: 110,713 Thread 0x00007fa0640c6000  545       3       java.util.AbstractMap::<init> (5 bytes)
Event: 110,714 Thread 0x00007fa0640c6000 nmethod 545 0x00007fa055243990 code [0x00007fa055243b00, 0x00007fa055243cb0]
Event: 113,777 Thread 0x00007fa0640bf000  546       4       sun.util.logging.PlatformLogger$DefaultLoggerProxy::doLog (22 bytes)
Event: 113,778 Thread 0x00007fa0640bf000 nmethod 546 0x00007fa055240850 code [0x00007fa0552409a0, 0x00007fa055240ad8]
Event: 113,804 Thread 0x00007fa0640c6000  547   !   3       sun.awt.X11.XAwtState::getGrabWindow (67 bytes)
Event: 113,805 Thread 0x00007fa0640c6000 nmethod 547 0x00007fa05523f490 code [0x00007fa05523f6a0, 0x00007fa055240398]
Event: 113,805 Thread 0x00007fa0640c6000  548       1       java.awt.Component::isVisible_NoClientCode (5 bytes)
Event: 113,805 Thread 0x00007fa0640c6000 nmethod 548 0x00007fa05523f1d0 code [0x00007fa05523f320, 0x00007fa05523f430]
Event: 113,807 Thread 0x00007fa0640c2000  549       4       java.lang.CharacterDataLatin1::toLowerCase (39 bytes)
Event: 113,808 Thread 0x00007fa0640c2000 nmethod 549 0x00007fa05523eed0 code [0x00007fa05523f020, 0x00007fa05523f0f8]

GC Heap History (0 events):
No events

Deoptimization events (1 events):
Event: 0,275 Thread 0x00007f9ffc008800 Uncommon trap: reason=null_check action=make_not_entrant pc=0x00007fa0551811a8 method=java.lang.String.equals(Ljava/lang/Object;)Z @ 8

Internal exceptions (10 events):
Event: 0,029 Thread 0x00007fa064008800 Exception <a 'java/lang/NoSuchMethodError': Method sun.misc.Unsafe.prefetchRead(Ljava/lang/Object;J)V name or signature does not match> (0x00000000ed812cc8) thrown at [/RE-WORK/workspace/8-2-build-linux-amd64/jdk8u45/3457/hotspot/src/share/vm/prims/jni.cp
Event: 0,074 Thread 0x00007fa064008800 Exception <a 'java/security/PrivilegedActionException'> (0x00000000ed8bce78) thrown at [/RE-WORK/workspace/8-2-build-linux-amd64/jdk8u45/3457/hotspot/src/share/vm/prims/jvm.cpp, line 1382]
Event: 0,074 Thread 0x00007fa064008800 Exception <a 'java/security/PrivilegedActionException'> (0x00000000ed8bd030) thrown at [/RE-WORK/workspace/8-2-build-linux-amd64/jdk8u45/3457/hotspot/src/share/vm/prims/jvm.cpp, line 1382]
Event: 0,074 Thread 0x00007fa064008800 Exception <a 'java/security/PrivilegedActionException'> (0x00000000ed8bf3c0) thrown at [/RE-WORK/workspace/8-2-build-linux-amd64/jdk8u45/3457/hotspot/src/share/vm/prims/jvm.cpp, line 1382]
Event: 0,074 Thread 0x00007fa064008800 Exception <a 'java/security/PrivilegedActionException'> (0x00000000ed8bf578) thrown at [/RE-WORK/workspace/8-2-build-linux-amd64/jdk8u45/3457/hotspot/src/share/vm/prims/jvm.cpp, line 1382]
Event: 0,079 Thread 0x00007fa064008800 Exception <a 'java/io/FileNotFoundException'> (0x00000000ed8c8aa8) thrown at [/RE-WORK/workspace/8-2-build-linux-amd64/jdk8u45/3457/hotspot/src/share/vm/prims/jni.cpp, line 709]
Event: 0,079 Thread 0x00007fa064008800 Exception <a 'java/io/FileNotFoundException'> (0x00000000ed8c9548) thrown at [/RE-WORK/workspace/8-2-build-linux-amd64/jdk8u45/3457/hotspot/src/share/vm/prims/jni.cpp, line 709]
Event: 0,152 Thread 0x00007fa064008800 Exception <a 'java/lang/NoSuchFieldError': method resolution failed> (0x00000000eda2c358) thrown at [/RE-WORK/workspace/8-2-build-linux-amd64/jdk8u45/3457/hotspot/src/share/vm/prims/methodHandles.cpp, line 1125]
Event: 0,153 Thread 0x00007fa064008800 Exception <a 'java/lang/NoSuchFieldError': method resolution failed> (0x00000000eda3ad98) thrown at [/RE-WORK/workspace/8-2-build-linux-amd64/jdk8u45/3457/hotspot/src/share/vm/prims/methodHandles.cpp, line 1125]
Event: 0,275 Thread 0x00007f9ffc008800 Implicit null exception at 0x00007fa055180fdb to 0x00007fa055181199

Events (10 events):
Event: 0,324 loading class java/io/ByteArrayOutputStream
Event: 0,324 loading class java/io/ByteArrayOutputStream done
Event: 0,324 loading class java/lang/StrictMath
Event: 0,324 loading class java/lang/StrictMath done
Event: 0,922 loading class sun/awt/X11/XMotionEvent
Event: 0,922 loading class sun/awt/X11/XMotionEvent done
Event: 0,923 loading class java/awt/event/ContainerEvent
Event: 0,923 loading class java/awt/event/ContainerEvent done
Event: 4,067 Executing VM operation: EnableBiasedLocking
Event: 4,067 Executing VM operation: EnableBiasedLocking done


Dynamic libraries:
00400000-00401000 r-xp 00000000 08:01 1062400                            /usr/lib/jvm/java-8-oracle/bin/java
00600000-00601000 rw-p 00000000 08:01 1062400                            /usr/lib/jvm/java-8-oracle/bin/java
00b59000-00b7a000 rw-p 00000000 00:00 0                                  [heap]
c8800000-cad80000 rw-p 00000000 00:00 0 
cad80000-ed800000 ---p 00000000 00:00 0 
ed800000-eea80000 rw-p 00000000 00:00 0 
eea80000-100000000 ---p 00000000 00:00 0 
100000000-100100000 rw-p 00000000 00:00 0 
100100000-140000000 ---p 00000000 00:00 0 
7f9ff0000000-7f9ff0021000 rw-p 00000000 00:00 0 
7f9ff0021000-7f9ff4000000 ---p 00000000 00:00 0 
7f9ff4000000-7f9ff42c7000 rw-p 00000000 00:00 0 
7f9ff42c7000-7f9ff8000000 ---p 00000000 00:00 0 
7f9ff8000000-7f9ff8021000 rw-p 00000000 00:00 0 
7f9ff8021000-7f9ffc000000 ---p 00000000 00:00 0 
7f9ffc000000-7f9ffc02c000 rw-p 00000000 00:00 0 
7f9ffc02c000-7fa000000000 ---p 00000000 00:00 0 
7fa000000000-7fa000021000 rw-p 00000000 00:00 0 
7fa000021000-7fa004000000 ---p 00000000 00:00 0 
7fa004000000-7fa004021000 rw-p 00000000 00:00 0 
7fa004021000-7fa008000000 ---p 00000000 00:00 0 
7fa008000000-7fa00806b000 rw-p 00000000 00:00 0 
7fa00806b000-7fa00c000000 ---p 00000000 00:00 0 
7fa00c000000-7fa00c1f4000 rw-p 00000000 00:00 0 
7fa00c1f4000-7fa010000000 ---p 00000000 00:00 0 
7fa010000000-7fa010109000 rw-p 00000000 00:00 0 
7fa010109000-7fa014000000 ---p 00000000 00:00 0 
7fa014000000-7fa0140a4000 rw-p 00000000 00:00 0 
7fa0140a4000-7fa018000000 ---p 00000000 00:00 0 
7fa018000000-7fa018021000 rw-p 00000000 00:00 0 
7fa018021000-7fa01c000000 ---p 00000000 00:00 0 
7fa01c000000-7fa01c021000 rw-p 00000000 00:00 0 
7fa01c021000-7fa020000000 ---p 00000000 00:00 0 
7fa020000000-7fa020021000 rw-p 00000000 00:00 0 
7fa020021000-7fa024000000 ---p 00000000 00:00 0 
7fa024000000-7fa024021000 rw-p 00000000 00:00 0 
7fa024021000-7fa028000000 ---p 00000000 00:00 0 
7fa028000000-7fa028021000 rw-p 00000000 00:00 0 
7fa028021000-7fa02c000000 ---p 00000000 00:00 0 
7fa030000000-7fa030021000 rw-p 00000000 00:00 0 
7fa030021000-7fa034000000 ---p 00000000 00:00 0 
7fa035b21000-7fa035b8a000 r-xp 00000000 08:01 935744                     /usr/lib/jvm/java-8-oracle/jre/lib/amd64/libt2k.so
7fa035b8a000-7fa035d89000 ---p 00069000 08:01 935744                     /usr/lib/jvm/java-8-oracle/jre/lib/amd64/libt2k.so
7fa035d89000-7fa035d90000 rw-p 00068000 08:01 935744                     /usr/lib/jvm/java-8-oracle/jre/lib/amd64/libt2k.so
7fa035d90000-7fa035da0000 rw-p 00000000 00:00 0 
7fa035da0000-7fa035db1000 r-xp 00000000 08:01 935762                     /usr/lib/jvm/java-8-oracle/jre/lib/amd64/libnio.so
7fa035db1000-7fa035fb0000 ---p 00011000 08:01 935762                     /usr/lib/jvm/java-8-oracle/jre/lib/amd64/libnio.so
7fa035fb0000-7fa035fb1000 rw-p 00010000 08:01 935762                     /usr/lib/jvm/java-8-oracle/jre/lib/amd64/libnio.so
7fa035fb1000-7fa035fc8000 r-xp 00000000 08:01 1458613                    /lib/x86_64-linux-gnu/libresolv-2.19.so
7fa035fc8000-7fa0361c8000 ---p 00017000 08:01 1458613                    /lib/x86_64-linux-gnu/libresolv-2.19.so
7fa0361c8000-7fa0361c9000 r--p 00017000 08:01 1458613                    /lib/x86_64-linux-gnu/libresolv-2.19.so
7fa0361c9000-7fa0361ca000 rw-p 00018000 08:01 1458613                    /lib/x86_64-linux-gnu/libresolv-2.19.so
7fa0361ca000-7fa0361cc000 rw-p 00000000 00:00 0 
7fa0361cc000-7fa0361d1000 r-xp 00000000 08:01 1458886                    /lib/x86_64-linux-gnu/libnss_dns-2.19.so
7fa0361d1000-7fa0363d0000 ---p 00005000 08:01 1458886                    /lib/x86_64-linux-gnu/libnss_dns-2.19.so
7fa0363d0000-7fa0363d1000 r--p 00004000 08:01 1458886                    /lib/x86_64-linux-gnu/libnss_dns-2.19.so
7fa0363d1000-7fa0363d2000 rw-p 00005000 08:01 1458886                    /lib/x86_64-linux-gnu/libnss_dns-2.19.so
7fa0363d2000-7fa0363e8000 r-xp 00000000 08:01 935739                     /usr/lib/jvm/java-8-oracle/jre/lib/amd64/libnet.so
7fa0363e8000-7fa0365e8000 ---p 00016000 08:01 935739                     /usr/lib/jvm/java-8-oracle/jre/lib/amd64/libnet.so
7fa0365e8000-7fa0365e9000 rw-p 00016000 08:01 935739                     /usr/lib/jvm/java-8-oracle/jre/lib/amd64/libnet.so
7fa0365e9000-7fa0365ec000 ---p 00000000 00:00 0 
7fa0365ec000-7fa0366ea000 rw-p 00000000 00:00 0                          [stack:5100]
7fa0366ea000-7fa0366ed000 ---p 00000000 00:00 0 
7fa0366ed000-7fa0367eb000 rw-p 00000000 00:00 0                          [stack:5099]
7fa0367eb000-7fa0367ee000 ---p 00000000 00:00 0 
7fa0367ee000-7fa0368ec000 rw-p 00000000 00:00 0                          [stack:5098]
7fa0368ec000-7fa0368f1000 r-xp 00000000 08:01 922783                     /usr/lib/x86_64-linux-gnu/libXfixes.so.3.1.0
7fa0368f1000-7fa036af0000 ---p 00005000 08:01 922783                     /usr/lib/x86_64-linux-gnu/libXfixes.so.3.1.0
7fa036af0000-7fa036af1000 r--p 00004000 08:01 922783                     /usr/lib/x86_64-linux-gnu/libXfixes.so.3.1.0
7fa036af1000-7fa036af2000 rw-p 00005000 08:01 922783                     /usr/lib/x86_64-linux-gnu/libXfixes.so.3.1.0
7fa036af2000-7fa036afb000 r-xp 00000000 08:01 927723                     /usr/lib/x86_64-linux-gnu/libXcursor.so.1.0.2
7fa036afb000-7fa036cfa000 ---p 00009000 08:01 927723                     /usr/lib/x86_64-linux-gnu/libXcursor.so.1.0.2
7fa036cfa000-7fa036cfb000 r--p 00008000 08:01 927723                     /usr/lib/x86_64-linux-gnu/libXcursor.so.1.0.2
7fa036cfb000-7fa036cfc000 rw-p 00009000 08:01 927723                     /usr/lib/x86_64-linux-gnu/libXcursor.so.1.0.2
7fa036cfc000-7fa036cff000 ---p 00000000 00:00 0 
7fa036cff000-7fa036dfd000 rw-p 00000000 00:00 0                          [stack:5097]
7fa036dfd000-7fa036e13000 r-xp 00000000 08:01 1446022                    /lib/x86_64-linux-gnu/libgcc_s.so.1
7fa036e13000-7fa037012000 ---p 00016000 08:01 1446022                    /lib/x86_64-linux-gnu/libgcc_s.so.1
7fa037012000-7fa037013000 rw-p 00015000 08:01 1446022                    /lib/x86_64-linux-gnu/libgcc_s.so.1
7fa037013000-7fa037078000 r-xp 00000000 08:01 935745                     /usr/lib/jvm/java-8-oracle/jre/lib/amd64/libfontmanager.so
7fa037078000-7fa037277000 ---p 00065000 08:01 935745                     /usr/lib/jvm/java-8-oracle/jre/lib/amd64/libfontmanager.so
7fa037277000-7fa03727c000 rw-p 00064000 08:01 935745                     /usr/lib/jvm/java-8-oracle/jre/lib/amd64/libfontmanager.so
7fa03727c000-7fa03728c000 rw-p 00000000 00:00 0 
7fa03728c000-7fa037291000 r-xp 00000000 08:01 927727                     /usr/lib/x86_64-linux-gnu/libXdmcp.so.6.0.0
7fa037291000-7fa037490000 ---p 00005000 08:01 927727                     /usr/lib/x86_64-linux-gnu/libXdmcp.so.6.0.0
7fa037490000-7fa037491000 r--p 00004000 08:01 927727                     /usr/lib/x86_64-linux-gnu/libXdmcp.so.6.0.0
7fa037491000-7fa037492000 rw-p 00005000 08:01 927727                     /usr/lib/x86_64-linux-gnu/libXdmcp.so.6.0.0
7fa037492000-7fa037494000 r-xp 00000000 08:01 927716                     /usr/lib/x86_64-linux-gnu/libXau.so.6.0.0
7fa037494000-7fa037694000 ---p 00002000 08:01 927716                     /usr/lib/x86_64-linux-gnu/libXau.so.6.0.0
7fa037694000-7fa037695000 r--p 00002000 08:01 927716                     /usr/lib/x86_64-linux-gnu/libXau.so.6.0.0
7fa037695000-7fa037696000 rw-p 00003000 08:01 927716                     /usr/lib/x86_64-linux-gnu/libXau.so.6.0.0
7fa037696000-7fa0376b3000 r-xp 00000000 08:01 928786                     /usr/lib/x86_64-linux-gnu/libxcb.so.1.1.0
7fa0376b3000-7fa0378b3000 ---p 0001d000 08:01 928786                     /usr/lib/x86_64-linux-gnu/libxcb.so.1.1.0
7fa0378b3000-7fa0378b4000 r--p 0001d000 08:01 928786                     /usr/lib/x86_64-linux-gnu/libxcb.so.1.1.0
7fa0378b4000-7fa0378b5000 rw-p 0001e000 08:01 928786                     /usr/lib/x86_64-linux-gnu/libxcb.so.1.1.0
7fa0378b5000-7fa0378c4000 r-xp 00000000 08:01 922793                     /usr/lib/x86_64-linux-gnu/libXi.so.6.1.0
7fa0378c4000-7fa037ac3000 ---p 0000f000 08:01 922793                     /usr/lib/x86_64-linux-gnu/libXi.so.6.1.0
7fa037ac3000-7fa037ac4000 r--p 0000e000 08:01 922793                     /usr/lib/x86_64-linux-gnu/libXi.so.6.1.0
7fa037ac4000-7fa037ac5000 rw-p 0000f000 08:01 922793                     /usr/lib/x86_64-linux-gnu/libXi.so.6.1.0
7fa037ac5000-7fa037aca000 r-xp 00000000 08:01 927757                     /usr/lib/x86_64-linux-gnu/libXtst.so.6.1.0
7fa037aca000-7fa037cc9000 ---p 00005000 08:01 927757                     /usr/lib/x86_64-linux-gnu/libXtst.so.6.1.0
7fa037cc9000-7fa037cca000 r--p 00004000 08:01 927757                     /usr/lib/x86_64-linux-gnu/libXtst.so.6.1.0
7fa037cca000-7fa037ccb000 rw-p 00005000 08:01 927757                     /usr/lib/x86_64-linux-gnu/libXtst.so.6.1.0
7fa037ccb000-7fa037dfb000 r-xp 00000000 08:01 927712                     /usr/lib/x86_64-linux-gnu/libX11.so.6.3.0
7fa037dfb000-7fa037ffb000 ---p 00130000 08:01 927712                     /usr/lib/x86_64-linux-gnu/libX11.so.6.3.0
7fa037ffb000-7fa037ffc000 r--p 00130000 08:01 927712                     /usr/lib/x86_64-linux-gnu/libX11.so.6.3.0
7fa037ffc000-7fa038000000 rw-p 00131000 08:01 927712                     /usr/lib/x86_64-linux-gnu/libX11.so.6.3.0
7fa038000000-7fa038021000 rw-p 00000000 00:00 0 
7fa038021000-7fa03c000000 ---p 00000000 00:00 0 
7fa03c000000-7fa03c021000 rw-p 00000000 00:00 0 
7fa03c021000-7fa040000000 ---p 00000000 00:00 0 
7fa040000000-7fa040021000 rw-p 00000000 00:00 0 
7fa040021000-7fa044000000 ---p 00000000 00:00 0 
7fa044091000-7fa04409a000 r-xp 00000000 08:01 918169                     /usr/lib/x86_64-linux-gnu/libXrender.so.1.3.0
7fa04409a000-7fa044299000 ---p 00009000 08:01 918169                     /usr/lib/x86_64-linux-gnu/libXrender.so.1.3.0
7fa044299000-7fa04429a000 r--p 00008000 08:01 918169                     /usr/lib/x86_64-linux-gnu/libXrender.so.1.3.0
7fa04429a000-7fa04429b000 rw-p 00009000 08:01 918169                     /usr/lib/x86_64-linux-gnu/libXrender.so.1.3.0
7fa04429b000-7fa0442ac000 r-xp 00000000 08:01 924662                     /usr/lib/x86_64-linux-gnu/libXext.so.6.4.0
7fa0442ac000-7fa0444ab000 ---p 00011000 08:01 924662                     /usr/lib/x86_64-linux-gnu/libXext.so.6.4.0
7fa0444ab000-7fa0444ac000 r--p 00010000 08:01 924662                     /usr/lib/x86_64-linux-gnu/libXext.so.6.4.0
7fa0444ac000-7fa0444ad000 rw-p 00011000 08:01 924662                     /usr/lib/x86_64-linux-gnu/libXext.so.6.4.0
7fa0444ad000-7fa044501000 r-xp 00000000 08:01 935718                     /usr/lib/jvm/java-8-oracle/jre/lib/amd64/libawt_xawt.so
7fa044501000-7fa044701000 ---p 00054000 08:01 935718                     /usr/lib/jvm/java-8-oracle/jre/lib/amd64/libawt_xawt.so
7fa044701000-7fa044705000 rw-p 00054000 08:01 935718                     /usr/lib/jvm/java-8-oracle/jre/lib/amd64/libawt_xawt.so
7fa044705000-7fa044706000 rw-p 00000000 00:00 0 
7fa044706000-7fa0447a8000 r-xp 00000000 08:01 935740                     /usr/lib/jvm/java-8-oracle/jre/lib/amd64/libawt.so
7fa0447a8000-7fa0449a8000 ---p 000a2000 08:01 935740                     /usr/lib/jvm/java-8-oracle/jre/lib/amd64/libawt.so
7fa0449a8000-7fa0449b4000 rw-p 000a2000 08:01 935740                     /usr/lib/jvm/java-8-oracle/jre/lib/amd64/libawt.so
7fa0449b4000-7fa0449d8000 rw-p 00000000 00:00 0 
7fa0449d8000-7fa0449d9000 ---p 00000000 00:00 0 
7fa0449d9000-7fa044ad9000 rw-p 00000000 00:00 0                          [stack:5096]
7fa044ad9000-7fa044adc000 ---p 00000000 00:00 0 
7fa044adc000-7fa044bda000 rw-p 00000000 00:00 0                          [stack:5095]
7fa044bda000-7fa044bdd000 ---p 00000000 00:00 0 
7fa044bdd000-7fa044cdb000 rw-p 00000000 00:00 0                          [stack:5094]
7fa044cdb000-7fa044cde000 ---p 00000000 00:00 0 
7fa044cde000-7fa044ddc000 rw-p 00000000 00:00 0                          [stack:5093]
7fa044ddc000-7fa044ddf000 ---p 00000000 00:00 0 
7fa044ddf000-7fa044edd000 rw-p 00000000 00:00 0                          [stack:5092]
7fa044edd000-7fa044ee0000 ---p 00000000 00:00 0 
7fa044ee0000-7fa044fde000 rw-p 00000000 00:00 0                          [stack:5091]
7fa044fde000-7fa044fe1000 ---p 00000000 00:00 0 
7fa044fe1000-7fa0450df000 rw-p 00000000 00:00 0                          [stack:5090]
7fa0450df000-7fa045935000 r--p 00000000 08:01 925715                     /usr/lib/locale/locale-archive
7fa045935000-7fa045938000 ---p 00000000 00:00 0 
7fa045938000-7fa045a36000 rw-p 00000000 00:00 0                          [stack:5089]
7fa045a36000-7fa045a39000 ---p 00000000 00:00 0 
7fa045a39000-7fa045b37000 rw-p 00000000 00:00 0                          [stack:5088]
7fa045b37000-7fa045b38000 ---p 00000000 00:00 0 
7fa045b38000-7fa048000000 rw-p 00000000 00:00 0                          [stack:5087]
7fa048000000-7fa048021000 rw-p 00000000 00:00 0 
7fa048021000-7fa04c000000 ---p 00000000 00:00 0 
7fa04c000000-7fa04c021000 rw-p 00000000 00:00 0 
7fa04c021000-7fa050000000 ---p 00000000 00:00 0 
7fa050000000-7fa050021000 rw-p 00000000 00:00 0 
7fa050021000-7fa054000000 ---p 00000000 00:00 0 
7fa054072000-7fa0540a3000 rw-p 00000000 00:00 0 
7fa0540a3000-7fa0540c9000 r--p 00000000 08:01 1356427                    /usr/share/locale-langpack/de/LC_MESSAGES/libc.mo
7fa0540c9000-7fa055000000 rw-p 00000000 00:00 0 
7fa055000000-7fa055270000 rwxp 00000000 00:00 0 
7fa055270000-7fa064000000 ---p 00000000 00:00 0 
7fa064000000-7fa064283000 rw-p 00000000 00:00 0 
7fa064283000-7fa068000000 ---p 00000000 00:00 0 
7fa068013000-7fa06801a000 r--s 00000000 08:01 1202173                    /usr/lib/x86_64-linux-gnu/gconv/gconv-modules.cache
7fa06801a000-7fa06851f000 rw-p 00000000 00:00 0 
7fa06851f000-7fa0686f8000 r--s 03d09000 08:01 935876                     /usr/lib/jvm/java-8-oracle/jre/lib/rt.jar
7fa0686f8000-7fa068eee000 rw-p 00000000 00:00 0 
7fa068eee000-7fa068f6e000 ---p 00000000 00:00 0 
7fa068f6e000-7fa06912a000 rw-p 00000000 00:00 0 
7fa06912a000-7fa06912b000 ---p 00000000 00:00 0 
7fa06912b000-7fa06922b000 rw-p 00000000 00:00 0                          [stack:5086]
7fa06922b000-7fa06922c000 ---p 00000000 00:00 0 
7fa06922c000-7fa06932c000 rw-p 00000000 00:00 0                          [stack:5085]
7fa06932c000-7fa06932d000 ---p 00000000 00:00 0 
7fa06932d000-7fa06942d000 rw-p 00000000 00:00 0                          [stack:5084]
7fa06942d000-7fa06942e000 ---p 00000000 00:00 0 
7fa06942e000-7fa06952e000 rw-p 00000000 00:00 0                          [stack:5083]
7fa06952e000-7fa06952f000 ---p 00000000 00:00 0 
7fa06952f000-7fa06962f000 rw-p 00000000 00:00 0                          [stack:5082]
7fa06962f000-7fa069630000 ---p 00000000 00:00 0 
7fa069630000-7fa069730000 rw-p 00000000 00:00 0                          [stack:5081]
7fa069730000-7fa069731000 ---p 00000000 00:00 0 
7fa069731000-7fa069831000 rw-p 00000000 00:00 0                          [stack:5080]
7fa069831000-7fa069832000 ---p 00000000 00:00 0 
7fa069832000-7fa069945000 rw-p 00000000 00:00 0                          [stack:5079]
7fa069945000-7fa069a5a000 ---p 00000000 00:00 0 
7fa069a5a000-7fa069a6d000 rw-p 00000000 00:00 0 
7fa069a6d000-7fa069b82000 ---p 00000000 00:00 0 
7fa069b82000-7fa069b8c000 rw-p 00000000 00:00 0 
7fa069b8c000-7fa069c16000 ---p 00000000 00:00 0 
7fa069c16000-7fa069c21000 rw-p 00000000 00:00 0 
7fa069c21000-7fa069fd7000 ---p 00000000 00:00 0 
7fa069fd7000-7fa069ff1000 r-xp 00000000 08:01 935731                     /usr/lib/jvm/java-8-oracle/jre/lib/amd64/libzip.so
7fa069ff1000-7fa06a1f1000 ---p 0001a000 08:01 935731                     /usr/lib/jvm/java-8-oracle/jre/lib/amd64/libzip.so
7fa06a1f1000-7fa06a1f2000 rw-p 0001a000 08:01 935731                     /usr/lib/jvm/java-8-oracle/jre/lib/amd64/libzip.so
7fa06a1f2000-7fa06a1fd000 r-xp 00000000 08:01 1458684                    /lib/x86_64-linux-gnu/libnss_files-2.19.so
7fa06a1fd000-7fa06a3fc000 ---p 0000b000 08:01 1458684                    /lib/x86_64-linux-gnu/libnss_files-2.19.so
7fa06a3fc000-7fa06a3fd000 r--p 0000a000 08:01 1458684                    /lib/x86_64-linux-gnu/libnss_files-2.19.so
7fa06a3fd000-7fa06a3fe000 rw-p 0000b000 08:01 1458684                    /lib/x86_64-linux-gnu/libnss_files-2.19.so
7fa06a3fe000-7fa06a428000 r-xp 00000000 08:01 935721                     /usr/lib/jvm/java-8-oracle/jre/lib/amd64/libjava.so
7fa06a428000-7fa06a628000 ---p 0002a000 08:01 935721                     /usr/lib/jvm/java-8-oracle/jre/lib/amd64/libjava.so
7fa06a628000-7fa06a62a000 rw-p 0002a000 08:01 935721                     /usr/lib/jvm/java-8-oracle/jre/lib/amd64/libjava.so
7fa06a62a000-7fa06a637000 r-xp 00000000 08:01 935770                     /usr/lib/jvm/java-8-oracle/jre/lib/amd64/libverify.so
7fa06a637000-7fa06a837000 ---p 0000d000 08:01 935770                     /usr/lib/jvm/java-8-oracle/jre/lib/amd64/libverify.so
7fa06a837000-7fa06a839000 rw-p 0000d000 08:01 935770                     /usr/lib/jvm/java-8-oracle/jre/lib/amd64/libverify.so
7fa06a839000-7fa06a840000 r-xp 00000000 08:01 1486825                    /lib/x86_64-linux-gnu/librt-2.19.so
7fa06a840000-7fa06aa3f000 ---p 00007000 08:01 1486825                    /lib/x86_64-linux-gnu/librt-2.19.so
7fa06aa3f000-7fa06aa40000 r--p 00006000 08:01 1486825                    /lib/x86_64-linux-gnu/librt-2.19.so
7fa06aa40000-7fa06aa41000 rw-p 00007000 08:01 1486825                    /lib/x86_64-linux-gnu/librt-2.19.so
7fa06aa41000-7fa06ab46000 r-xp 00000000 08:01 1458635                    /lib/x86_64-linux-gnu/libm-2.19.so
7fa06ab46000-7fa06ad45000 ---p 00105000 08:01 1458635                    /lib/x86_64-linux-gnu/libm-2.19.so
7fa06ad45000-7fa06ad46000 r--p 00104000 08:01 1458635                    /lib/x86_64-linux-gnu/libm-2.19.so
7fa06ad46000-7fa06ad47000 rw-p 00105000 08:01 1458635                    /lib/x86_64-linux-gnu/libm-2.19.so
7fa06ad47000-7fa06b9f5000 r-xp 00000000 08:01 935733                     /usr/lib/jvm/java-8-oracle/jre/lib/amd64/server/libjvm.so
7fa06b9f5000-7fa06bbf4000 ---p 00cae000 08:01 935733                     /usr/lib/jvm/java-8-oracle/jre/lib/amd64/server/libjvm.so
7fa06bbf4000-7fa06bccb000 rw-p 00cad000 08:01 935733                     /usr/lib/jvm/java-8-oracle/jre/lib/amd64/server/libjvm.so
7fa06bccb000-7fa06bd0f000 rw-p 00000000 00:00 0 
7fa06bd0f000-7fa06beca000 r-xp 00000000 08:01 1486822                    /lib/x86_64-linux-gnu/libc-2.19.so
7fa06beca000-7fa06c0c9000 ---p 001bb000 08:01 1486822                    /lib/x86_64-linux-gnu/libc-2.19.so
7fa06c0c9000-7fa06c0cd000 r--p 001ba000 08:01 1486822                    /lib/x86_64-linux-gnu/libc-2.19.so
7fa06c0cd000-7fa06c0cf000 rw-p 001be000 08:01 1486822                    /lib/x86_64-linux-gnu/libc-2.19.so
7fa06c0cf000-7fa06c0d4000 rw-p 00000000 00:00 0 
7fa06c0d4000-7fa06c0d7000 r-xp 00000000 08:01 1458887                    /lib/x86_64-linux-gnu/libdl-2.19.so
7fa06c0d7000-7fa06c2d6000 ---p 00003000 08:01 1458887                    /lib/x86_64-linux-gnu/libdl-2.19.so
7fa06c2d6000-7fa06c2d7000 r--p 00002000 08:01 1458887                    /lib/x86_64-linux-gnu/libdl-2.19.so
7fa06c2d7000-7fa06c2d8000 rw-p 00003000 08:01 1458887                    /lib/x86_64-linux-gnu/libdl-2.19.so
7fa06c2d8000-7fa06c2ed000 r-xp 00000000 08:01 918693                     /usr/lib/jvm/java-8-oracle/lib/amd64/jli/libjli.so
7fa06c2ed000-7fa06c4ed000 ---p 00015000 08:01 918693                     /usr/lib/jvm/java-8-oracle/lib/amd64/jli/libjli.so
7fa06c4ed000-7fa06c4ee000 rw-p 00015000 08:01 918693                     /usr/lib/jvm/java-8-oracle/lib/amd64/jli/libjli.so
7fa06c4ee000-7fa06c507000 r-xp 00000000 08:01 1486823                    /lib/x86_64-linux-gnu/libpthread-2.19.so
7fa06c507000-7fa06c706000 ---p 00019000 08:01 1486823                    /lib/x86_64-linux-gnu/libpthread-2.19.so
7fa06c706000-7fa06c707000 r--p 00018000 08:01 1486823                    /lib/x86_64-linux-gnu/libpthread-2.19.so
7fa06c707000-7fa06c708000 rw-p 00019000 08:01 1486823                    /lib/x86_64-linux-gnu/libpthread-2.19.so
7fa06c708000-7fa06c70c000 rw-p 00000000 00:00 0 
7fa06c70c000-7fa06c72f000 r-xp 00000000 08:01 1486798                    /lib/x86_64-linux-gnu/ld-2.19.so
7fa06c734000-7fa06c806000 rw-p 00000000 00:00 0 
7fa06c806000-7fa06c809000 ---p 00000000 00:00 0 
7fa06c809000-7fa06c90b000 rw-p 00000000 00:00 0                          [stack:5078]
7fa06c910000-7fa06c922000 rw-p 00000000 00:00 0 
7fa06c922000-7fa06c92a000 rw-s 00000000 08:01 1315189                    /tmp/hsperfdata_benedict/5072
7fa06c92a000-7fa06c92b000 rw-p 00000000 00:00 0 
7fa06c92b000-7fa06c92c000 r--p 00000000 00:00 0 
7fa06c92c000-7fa06c92e000 rw-p 00000000 00:00 0 
7fa06c92e000-7fa06c92f000 r--p 00022000 08:01 1486798                    /lib/x86_64-linux-gnu/ld-2.19.so
7fa06c92f000-7fa06c930000 rw-p 00023000 08:01 1486798                    /lib/x86_64-linux-gnu/ld-2.19.so
7fa06c930000-7fa06c931000 rw-p 00000000 00:00 0 
7fff37d5e000-7fff37d7f000 rw-p 00000000 00:00 0                          [stack]
7fff37dfe000-7fff37e00000 r-xp 00000000 00:00 0                          [vdso]
ffffffffff600000-ffffffffff601000 r-xp 00000000 00:00 0                  [vsyscall]

VM Arguments:
jvm_args: -Dfile.encoding=UTF-8 
java_command: Hauptfenster
java_class_path (initial): /home/benedict/dhworkspace/Verteilte_Systeme/bin
Launcher Type: SUN_STANDARD

Environment Variables:
PATH=/usr/local/sbin:/usr/local/bin:/usr/sbin:/usr/bin:/sbin:/bin:/usr/games:/usr/local/games
SHELL=/bin/bash
DISPLAY=:0.0

Signal Handlers:
SIGSEGV: [libjvm.so+0xaad1e0], sa_mask[0]=11111111011111111101111111111110, sa_flags=SA_RESTART|SA_SIGINFO
SIGBUS: [libjvm.so+0xaad1e0], sa_mask[0]=11111111011111111101111111111110, sa_flags=SA_RESTART|SA_SIGINFO
SIGFPE: [libjvm.so+0x90b450], sa_mask[0]=11111111011111111101111111111110, sa_flags=SA_RESTART|SA_SIGINFO
SIGPIPE: [libjvm.so+0x90b450], sa_mask[0]=11111111011111111101111111111110, sa_flags=SA_RESTART|SA_SIGINFO
SIGXFSZ: [libjvm.so+0x90b450], sa_mask[0]=11111111011111111101111111111110, sa_flags=SA_RESTART|SA_SIGINFO
SIGILL: [libjvm.so+0x90b450], sa_mask[0]=11111111011111111101111111111110, sa_flags=SA_RESTART|SA_SIGINFO
SIGUSR1: SIG_DFL, sa_mask[0]=00000000000000000000000000000000, sa_flags=none
SIGUSR2: [libjvm.so+0x90ca90], sa_mask[0]=00100000000000000000000000000000, sa_flags=SA_RESTART|SA_SIGINFO
SIGHUP: [libjvm.so+0x90dde0], sa_mask[0]=11111111011111111101111111111110, sa_flags=SA_RESTART|SA_SIGINFO
SIGINT: [libjvm.so+0x90dde0], sa_mask[0]=11111111011111111101111111111110, sa_flags=SA_RESTART|SA_SIGINFO
SIGTERM: [libjvm.so+0x90dde0], sa_mask[0]=11111111011111111101111111111110, sa_flags=SA_RESTART|SA_SIGINFO
SIGQUIT: [libjvm.so+0x90dde0], sa_mask[0]=11111111011111111101111111111110, sa_flags=SA_RESTART|SA_SIGINFO


---------------  S Y S T E M  ---------------

OS:DISTRIB_ID=Ubuntu
DISTRIB_RELEASE=14.04
DISTRIB_CODENAME=trusty
DISTRIB_DESCRIPTION="Ubuntu 14.04.2 LTS"

uname:Linux 3.13.0-43-generic #72-Ubuntu SMP Mon Dec 8 19:35:06 UTC 2014 x86_64
libc:glibc 2.19 NPTL 2.19 
rlimit: STACK 8192k, CORE 0k, NPROC 28239, NOFILE 4096, AS infinity
load average:0,19 0,23 0,25

/proc/meminfo:
MemTotal:        3636292 kB
MemFree:          719684 kB
Buffers:          201024 kB
Cached:          1047316 kB
SwapCached:            0 kB
Active:          1938636 kB
Inactive:         698964 kB
Active(anon):    1390188 kB
Inactive(anon):    11820 kB
Active(file):     548448 kB
Inactive(file):   687144 kB
Unevictable:           0 kB
Mlocked:               0 kB
SwapTotal:      15637500 kB
SwapFree:       15637500 kB
Dirty:               188 kB
Writeback:             0 kB
AnonPages:       1363320 kB
Mapped:           164280 kB
Shmem:             12908 kB
Slab:             167616 kB
SReclaimable:     132132 kB
SUnreclaim:        35484 kB
KernelStack:        4888 kB
PageTables:        20056 kB
NFS_Unstable:          0 kB
Bounce:                0 kB
WritebackTmp:          0 kB
CommitLimit:    17455644 kB
Committed_AS:    3854572 kB
VmallocTotal:   34359738367 kB
VmallocUsed:      388976 kB
VmallocChunk:   34359342076 kB
HardwareCorrupted:     0 kB
AnonHugePages:    839680 kB
HugePages_Total:       0
HugePages_Free:        0
HugePages_Rsvd:        0
HugePages_Surp:        0
Hugepagesize:       2048 kB
DirectMap4k:      164160 kB
DirectMap2M:     3614720 kB


CPU:total 8 (4 cores per cpu, 2 threads per core) family 6 model 58 stepping 9, cmov, cx8, fxsr, mmx, sse, sse2, sse3, ssse3, sse4.1, sse4.2, popcnt, avx, aes, clmul, erms, ht, tsc, tscinvbit, tscinv

/proc/cpuinfo:
processor	: 0
vendor_id	: GenuineIntel
cpu family	: 6
model		: 58
model name	: Intel(R) Core(TM) i7-3612QM CPU @ 2.10GHz
stepping	: 9
microcode	: 0x12
cpu MHz		: 2101.000
cache size	: 6144 KB
physical id	: 0
siblings	: 8
core id		: 0
cpu cores	: 4
apicid		: 0
initial apicid	: 0
fpu		: yes
fpu_exception	: yes
cpuid level	: 13
wp		: yes
flags		: fpu vme de pse tsc msr pae mce cx8 apic sep mtrr pge mca cmov pat pse36 clflush dts acpi mmx fxsr sse sse2 ss ht tm pbe syscall nx rdtscp lm constant_tsc arch_perfmon pebs bts rep_good nopl xtopology nonstop_tsc aperfmperf eagerfpu pni pclmulqdq dtes64 monitor ds_cpl vmx est tm2 ssse3 cx16 xtpr pdcm pcid sse4_1 sse4_2 x2apic popcnt tsc_deadline_timer aes xsave avx f16c rdrand lahf_lm ida arat epb xsaveopt pln pts dtherm tpr_shadow vnmi flexpriority ept vpid fsgsbase smep erms
bogomips	: 4190.34
clflush size	: 64
cache_alignment	: 64
address sizes	: 36 bits physical, 48 bits virtual
power management:

processor	: 1
vendor_id	: GenuineIntel
cpu family	: 6
model		: 58
model name	: Intel(R) Core(TM) i7-3612QM CPU @ 2.10GHz
stepping	: 9
microcode	: 0x12
cpu MHz		: 2101.000
cache size	: 6144 KB
physical id	: 0
siblings	: 8
core id		: 0
cpu cores	: 4
apicid		: 1
initial apicid	: 1
fpu		: yes
fpu_exception	: yes
cpuid level	: 13
wp		: yes
flags		: fpu vme de pse tsc msr pae mce cx8 apic sep mtrr pge mca cmov pat pse36 clflush dts acpi mmx fxsr sse sse2 ss ht tm pbe syscall nx rdtscp lm constant_tsc arch_perfmon pebs bts rep_good nopl xtopology nonstop_tsc aperfmperf eagerfpu pni pclmulqdq dtes64 monitor ds_cpl vmx est tm2 ssse3 cx16 xtpr pdcm pcid sse4_1 sse4_2 x2apic popcnt tsc_deadline_timer aes xsave avx f16c rdrand lahf_lm ida arat epb xsaveopt pln pts dtherm tpr_shadow vnmi flexpriority ept vpid fsgsbase smep erms
bogomips	: 4190.34
clflush size	: 64
cache_alignment	: 64
address sizes	: 36 bits physical, 48 bits virtual
power management:

processor	: 2
vendor_id	: GenuineIntel
cpu family	: 6
model		: 58
model name	: Intel(R) Core(TM) i7-3612QM CPU @ 2.10GHz
stepping	: 9
microcode	: 0x12
cpu MHz		: 2101.000
cache size	: 6144 KB
physical id	: 0
siblings	: 8
core id		: 1
cpu cores	: 4
apicid		: 2
initial apicid	: 2
fpu		: yes
fpu_exception	: yes
cpuid level	: 13
wp		: yes
flags		: fpu vme de pse tsc msr pae mce cx8 apic sep mtrr pge mca cmov pat pse36 clflush dts acpi mmx fxsr sse sse2 ss ht tm pbe syscall nx rdtscp lm constant_tsc arch_perfmon pebs bts rep_good nopl xtopology nonstop_tsc aperfmperf eagerfpu pni pclmulqdq dtes64 monitor ds_cpl vmx est tm2 ssse3 cx16 xtpr pdcm pcid sse4_1 sse4_2 x2apic popcnt tsc_deadline_timer aes xsave avx f16c rdrand lahf_lm ida arat epb xsaveopt pln pts dtherm tpr_shadow vnmi flexpriority ept vpid fsgsbase smep erms
bogomips	: 4190.34
clflush size	: 64
cache_alignment	: 64
address sizes	: 36 bits physical, 48 bits virtual
power management:

processor	: 3
vendor_id	: GenuineIntel
cpu family	: 6
model		: 58
model name	: Intel(R) Core(TM) i7-3612QM CPU @ 2.10GHz
stepping	: 9
microcode	: 0x12
cpu MHz		: 2101.000
cache size	: 6144 KB
physical id	: 0
siblings	: 8
core id		: 1
cpu cores	: 4
apicid		: 3
initial apicid	: 3
fpu		: yes
fpu_exception	: yes
cpuid level	: 13
wp		: yes
flags		: fpu vme de pse tsc msr pae mce cx8 apic sep mtrr pge mca cmov pat pse36 clflush dts acpi mmx fxsr sse sse2 ss ht tm pbe syscall nx rdtscp lm constant_tsc arch_perfmon pebs bts rep_good nopl xtopology nonstop_tsc aperfmperf eagerfpu pni pclmulqdq dtes64 monitor ds_cpl vmx est tm2 ssse3 cx16 xtpr pdcm pcid sse4_1 sse4_2 x2apic popcnt tsc_deadline_timer aes xsave avx f16c rdrand lahf_lm ida arat epb xsaveopt pln pts dtherm tpr_shadow vnmi flexpriority ept vpid fsgsbase smep erms
bogomips	: 4190.34
clflush size	: 64
cache_alignment	: 64
address sizes	: 36 bits physical, 48 bits virtual
power management:

processor	: 4
vendor_id	: GenuineIntel
cpu family	: 6
model		: 58
model name	: Intel(R) Core(TM) i7-3612QM CPU @ 2.10GHz
stepping	: 9
microcode	: 0x12
cpu MHz		: 2101.000
cache size	: 6144 KB
physical id	: 0
siblings	: 8
core id		: 2
cpu cores	: 4
apicid		: 4
initial apicid	: 4
fpu		: yes
fpu_exception	: yes
cpuid level	: 13
wp		: yes
flags		: fpu vme de pse tsc msr pae mce cx8 apic sep mtrr pge mca cmov pat pse36 clflush dts acpi mmx fxsr sse sse2 ss ht tm pbe syscall nx rdtscp lm constant_tsc arch_perfmon pebs bts rep_good nopl xtopology nonstop_tsc aperfmperf eagerfpu pni pclmulqdq dtes64 monitor ds_cpl vmx est tm2 ssse3 cx16 xtpr pdcm pcid sse4_1 sse4_2 x2apic popcnt tsc_deadline_timer aes xsave avx f16c rdrand lahf_lm ida arat epb xsaveopt pln pts dtherm tpr_shadow vnmi flexpriority ept vpid fsgsbase smep erms
bogomips	: 4190.34
clflush size	: 64
cache_alignment	: 64
address sizes	: 36 bits physical, 48 bits virtual
power management:

processor	: 5
vendor_id	: GenuineIntel
cpu family	: 6
model		: 58
model name	: Intel(R) Core(TM) i7-3612QM CPU @ 2.10GHz
stepping	: 9
microcode	: 0x12
cpu MHz		: 2101.000
cache size	: 6144 KB
physical id	: 0
siblings	: 8
core id		: 2
cpu cores	: 4
apicid		: 5
initial apicid	: 5
fpu		: yes
fpu_exception	: yes
cpuid level	: 13
wp		: yes
flags		: fpu vme de pse tsc msr pae mce cx8 apic sep mtrr pge mca cmov pat pse36 clflush dts acpi mmx fxsr sse sse2 ss ht tm pbe syscall nx rdtscp lm constant_tsc arch_perfmon pebs bts rep_good nopl xtopology nonstop_tsc aperfmperf eagerfpu pni pclmulqdq dtes64 monitor ds_cpl vmx est tm2 ssse3 cx16 xtpr pdcm pcid sse4_1 sse4_2 x2apic popcnt tsc_deadline_timer aes xsave avx f16c rdrand lahf_lm ida arat epb xsaveopt pln pts dtherm tpr_shadow vnmi flexpriority ept vpid fsgsbase smep erms
bogomips	: 4190.34
clflush size	: 64
cache_alignment	: 64
address sizes	: 36 bits physical, 48 bits virtual
power management:

processor	: 6
vendor_id	: GenuineIntel
cpu family	: 6
model		: 58
model name	: Intel(R) Core(TM) i7-3612QM CPU @ 2.10GHz
stepping	: 9
microcode	: 0x12
cpu MHz		: 2101.000
cache size	: 6144 KB
physical id	: 0
siblings	: 8
core id		: 3
cpu cores	: 4
apicid		: 6
initial apicid	: 6
fpu		: yes
fpu_exception	: yes
cpuid level	: 13
wp		: yes
flags		: fpu vme de pse tsc msr pae mce cx8 apic sep mtrr pge mca cmov pat pse36 clflush dts acpi mmx fxsr sse sse2 ss ht tm pbe syscall nx rdtscp lm constant_tsc arch_perfmon pebs bts rep_good nopl xtopology nonstop_tsc aperfmperf eagerfpu pni pclmulqdq dtes64 monitor ds_cpl vmx est tm2 ssse3 cx16 xtpr pdcm pcid sse4_1 sse4_2 x2apic popcnt tsc_deadline_timer aes xsave avx f16c rdrand lahf_lm ida arat epb xsaveopt pln pts dtherm tpr_shadow vnmi flexpriority ept vpid fsgsbase smep erms
bogomips	: 4190.34
clflush size	: 64
cache_alignment	: 64
address sizes	: 36 bits physical, 48 bits virtual
power management:

processor	: 7
vendor_id	: GenuineIntel
cpu family	: 6
model		: 58
model name	: Intel(R) Core(TM) i7-3612QM CPU @ 2.10GHz
stepping	: 9
microcode	: 0x12
cpu MHz		: 2101.000
cache size	: 6144 KB
physical id	: 0
siblings	: 8
core id		: 3
cpu cores	: 4
apicid		: 7
initial apicid	: 7
fpu		: yes
fpu_exception	: yes
cpuid level	: 13
wp		: yes
flags		: fpu vme de pse tsc msr pae mce cx8 apic sep mtrr pge mca cmov pat pse36 clflush dts acpi mmx fxsr sse sse2 ss ht tm pbe syscall nx rdtscp lm constant_tsc arch_perfmon pebs bts rep_good nopl xtopology nonstop_tsc aperfmperf eagerfpu pni pclmulqdq dtes64 monitor ds_cpl vmx est tm2 ssse3 cx16 xtpr pdcm pcid sse4_1 sse4_2 x2apic popcnt tsc_deadline_timer aes xsave avx f16c rdrand lahf_lm ida arat epb xsaveopt pln pts dtherm tpr_shadow vnmi flexpriority ept vpid fsgsbase smep erms
bogomips	: 4190.34
clflush size	: 64
cache_alignment	: 64
address sizes	: 36 bits physical, 48 bits virtual
power management:



Memory: 4k page, physical 3636292k(816744k free), swap 15637500k(15637500k free)

vm_info: Java HotSpot(TM) 64-Bit Server VM (25.45-b02) for linux-amd64 JRE (1.8.0_45-b14), built on Apr 10 2015 10:07:45 by "java_re" with gcc 4.3.0 20080428 (Red Hat 4.3.0-8)

time: Fri Jun  5 11:58:52 2015
elapsed time: 113 seconds (0d 0h 1m 53s)

